
===========================================================================
report_checks -unconstrained
===========================================================================
======================= nom_tt_025C_1v80 Corner ===================================

Startpoint: _927_ (rising edge-triggered flip-flop clocked by CLK)
Endpoint: _950_ (rising edge-triggered flip-flop clocked by CLK)
Path Group: CLK
Path Type: max

Fanout         Cap        Slew       Delay        Time   Description
---------------------------------------------------------------------------------------------
                                  0.000000    0.000000   clock CLK (rise edge)
                                  0.000000    0.000000   clock source latency
   126    0.236502    1.066248    0.728100    0.728100 ^ CLK (in)
                                                         CLK (net)
                      1.066248    0.000000    0.728100 ^ _927_/CLK (sky130_fd_sc_hd__dfxtp_2)
     2    0.003601    0.025501    0.487848    1.215948 v _927_/Q (sky130_fd_sc_hd__dfxtp_2)
                                                         buffer3_exp2[1] (net)
                      0.025501    0.000000    1.215948 v _621_/A (sky130_fd_sc_hd__or4_2)
     4    0.009400    0.129681    0.694415    1.910363 v _621_/X (sky130_fd_sc_hd__or4_2)
                                                         _232_ (net)
                      0.129681    0.000000    1.910363 v _625_/C_N (sky130_fd_sc_hd__or3b_2)
     3    0.007594    0.057830    0.241287    2.151650 ^ _625_/X (sky130_fd_sc_hd__or3b_2)
                                                         _236_ (net)
                      0.057830    0.000000    2.151650 ^ _626_/B (sky130_fd_sc_hd__and2_2)
     2    0.009965    0.070586    0.162254    2.313904 ^ _626_/X (sky130_fd_sc_hd__and2_2)
                                                         _237_ (net)
                      0.070586    0.000000    2.313904 ^ _638_/B_N (sky130_fd_sc_hd__or2b_2)
     2    0.006084    0.063191    0.306617    2.620520 v _638_/X (sky130_fd_sc_hd__or2b_2)
                                                         _248_ (net)
                      0.063191    0.000000    2.620520 v _643_/B (sky130_fd_sc_hd__and3_2)
     1    0.001321    0.033048    0.187603    2.808124 v _643_/X (sky130_fd_sc_hd__and3_2)
                                                         _253_ (net)
                      0.033048    0.000000    2.808124 v _644_/B (sky130_fd_sc_hd__or2_2)
     2    0.010224    0.077878    0.297862    3.105986 v _644_/X (sky130_fd_sc_hd__or2_2)
                                                         _254_ (net)
                      0.077878    0.000000    3.105986 v _648_/B1 (sky130_fd_sc_hd__a31o_2)
     2    0.005727    0.045365    0.231046    3.337032 v _648_/X (sky130_fd_sc_hd__a31o_2)
                                                         _257_ (net)
                      0.045365    0.000000    3.337032 v _653_/A_N (sky130_fd_sc_hd__and2b_2)
     2    0.007137    0.055391    0.217175    3.554207 ^ _653_/X (sky130_fd_sc_hd__and2b_2)
                                                         _262_ (net)
                      0.055391    0.000000    3.554207 ^ _656_/A3 (sky130_fd_sc_hd__o31a_2)
     1    0.001674    0.045076    0.108450    3.662657 ^ _656_/X (sky130_fd_sc_hd__o31a_2)
                                                         _086_ (net)
                      0.045076    0.000000    3.662657 ^ _950_/D (sky130_fd_sc_hd__dfxtp_2)
                                              3.662657   data arrival time

                                  5.000000    5.000000   clock CLK (rise edge)
                                  0.000000    5.000000   clock source latency
   126    0.236502    1.066248    0.728100    5.728100 ^ CLK (in)
                                                         CLK (net)
                      1.066248    0.000000    5.728100 ^ _950_/CLK (sky130_fd_sc_hd__dfxtp_2)
                                 -0.250000    5.478100   clock uncertainty
                                  0.000000    5.478100   clock reconvergence pessimism
                                  0.025414    5.503514   library setup time
                                              5.503514   data required time
---------------------------------------------------------------------------------------------
                                              5.503514   data required time
                                             -3.662657   data arrival time
---------------------------------------------------------------------------------------------
                                              1.840858   slack (MET)




===========================================================================
report_checks --slack_max -0.01
============================================================================
======================= nom_tt_025C_1v80 Corner ===================================

No paths found.


===========================================================================
 report_check_types -max_slew -max_cap -max_fanout -violators
============================================================================
======================= nom_tt_025C_1v80 Corner ===================================

max slew

Pin                                        Limit        Slew       Slack
------------------------------------------------------------------------
CLK                                     0.750000    1.066248   -0.316248 (VIOLATED)
_864_/CLK                               0.750000    1.066248   -0.316248 (VIOLATED)
_865_/CLK                               0.750000    1.066248   -0.316248 (VIOLATED)
_866_/CLK                               0.750000    1.066248   -0.316248 (VIOLATED)
_867_/CLK                               0.750000    1.066248   -0.316248 (VIOLATED)
_868_/CLK                               0.750000    1.066248   -0.316248 (VIOLATED)
_869_/CLK                               0.750000    1.066248   -0.316248 (VIOLATED)
_870_/CLK                               0.750000    1.066248   -0.316248 (VIOLATED)
_871_/CLK                               0.750000    1.066248   -0.316248 (VIOLATED)
_872_/CLK                               0.750000    1.066248   -0.316248 (VIOLATED)
_873_/CLK                               0.750000    1.066248   -0.316248 (VIOLATED)
_874_/CLK                               0.750000    1.066248   -0.316248 (VIOLATED)
_875_/CLK                               0.750000    1.066248   -0.316248 (VIOLATED)
_876_/CLK                               0.750000    1.066248   -0.316248 (VIOLATED)
_877_/CLK                               0.750000    1.066248   -0.316248 (VIOLATED)
_878_/CLK                               0.750000    1.066248   -0.316248 (VIOLATED)
_879_/CLK                               0.750000    1.066248   -0.316248 (VIOLATED)
_880_/CLK                               0.750000    1.066248   -0.316248 (VIOLATED)
_881_/CLK                               0.750000    1.066248   -0.316248 (VIOLATED)
_882_/CLK                               0.750000    1.066248   -0.316248 (VIOLATED)
_883_/CLK                               0.750000    1.066248   -0.316248 (VIOLATED)
_884_/CLK                               0.750000    1.066248   -0.316248 (VIOLATED)
_885_/CLK                               0.750000    1.066248   -0.316248 (VIOLATED)
_886_/CLK                               0.750000    1.066248   -0.316248 (VIOLATED)
_887_/CLK                               0.750000    1.066248   -0.316248 (VIOLATED)
_888_/CLK                               0.750000    1.066248   -0.316248 (VIOLATED)
_889_/CLK                               0.750000    1.066248   -0.316248 (VIOLATED)
_890_/CLK                               0.750000    1.066248   -0.316248 (VIOLATED)
_891_/CLK                               0.750000    1.066248   -0.316248 (VIOLATED)
_892_/CLK                               0.750000    1.066248   -0.316248 (VIOLATED)
_893_/CLK                               0.750000    1.066248   -0.316248 (VIOLATED)
_894_/CLK                               0.750000    1.066248   -0.316248 (VIOLATED)
_895_/CLK                               0.750000    1.066248   -0.316248 (VIOLATED)
_896_/CLK                               0.750000    1.066248   -0.316248 (VIOLATED)
_897_/CLK                               0.750000    1.066248   -0.316248 (VIOLATED)
_898_/CLK                               0.750000    1.066248   -0.316248 (VIOLATED)
_899_/CLK                               0.750000    1.066248   -0.316248 (VIOLATED)
_900_/CLK                               0.750000    1.066248   -0.316248 (VIOLATED)
_901_/CLK                               0.750000    1.066248   -0.316248 (VIOLATED)
_902_/CLK                               0.750000    1.066248   -0.316248 (VIOLATED)
_903_/CLK                               0.750000    1.066248   -0.316248 (VIOLATED)
_904_/CLK                               0.750000    1.066248   -0.316248 (VIOLATED)
_905_/CLK                               0.750000    1.066248   -0.316248 (VIOLATED)
_906_/CLK                               0.750000    1.066248   -0.316248 (VIOLATED)
_907_/CLK                               0.750000    1.066248   -0.316248 (VIOLATED)
_908_/CLK                               0.750000    1.066248   -0.316248 (VIOLATED)
_909_/CLK                               0.750000    1.066248   -0.316248 (VIOLATED)
_910_/CLK                               0.750000    1.066248   -0.316248 (VIOLATED)
_911_/CLK                               0.750000    1.066248   -0.316248 (VIOLATED)
_912_/CLK                               0.750000    1.066248   -0.316248 (VIOLATED)
_913_/CLK                               0.750000    1.066248   -0.316248 (VIOLATED)
_914_/CLK                               0.750000    1.066248   -0.316248 (VIOLATED)
_915_/CLK                               0.750000    1.066248   -0.316248 (VIOLATED)
_916_/CLK                               0.750000    1.066248   -0.316248 (VIOLATED)
_917_/CLK                               0.750000    1.066248   -0.316248 (VIOLATED)
_918_/CLK                               0.750000    1.066248   -0.316248 (VIOLATED)
_919_/CLK                               0.750000    1.066248   -0.316248 (VIOLATED)
_920_/CLK                               0.750000    1.066248   -0.316248 (VIOLATED)
_921_/CLK                               0.750000    1.066248   -0.316248 (VIOLATED)
_922_/CLK                               0.750000    1.066248   -0.316248 (VIOLATED)
_923_/CLK                               0.750000    1.066248   -0.316248 (VIOLATED)
_924_/CLK                               0.750000    1.066248   -0.316248 (VIOLATED)
_925_/CLK                               0.750000    1.066248   -0.316248 (VIOLATED)
_926_/CLK                               0.750000    1.066248   -0.316248 (VIOLATED)
_927_/CLK                               0.750000    1.066248   -0.316248 (VIOLATED)
_928_/CLK                               0.750000    1.066248   -0.316248 (VIOLATED)
_929_/CLK                               0.750000    1.066248   -0.316248 (VIOLATED)
_930_/CLK                               0.750000    1.066248   -0.316248 (VIOLATED)
_931_/CLK                               0.750000    1.066248   -0.316248 (VIOLATED)
_932_/CLK                               0.750000    1.066248   -0.316248 (VIOLATED)
_933_/CLK                               0.750000    1.066248   -0.316248 (VIOLATED)
_934_/CLK                               0.750000    1.066248   -0.316248 (VIOLATED)
_935_/CLK                               0.750000    1.066248   -0.316248 (VIOLATED)
_936_/CLK                               0.750000    1.066248   -0.316248 (VIOLATED)
_937_/CLK                               0.750000    1.066248   -0.316248 (VIOLATED)
_938_/CLK                               0.750000    1.066248   -0.316248 (VIOLATED)
_939_/CLK                               0.750000    1.066248   -0.316248 (VIOLATED)
_940_/CLK                               0.750000    1.066248   -0.316248 (VIOLATED)
_941_/CLK                               0.750000    1.066248   -0.316248 (VIOLATED)
_942_/CLK                               0.750000    1.066248   -0.316248 (VIOLATED)
_943_/CLK                               0.750000    1.066248   -0.316248 (VIOLATED)
_944_/CLK                               0.750000    1.066248   -0.316248 (VIOLATED)
_945_/CLK                               0.750000    1.066248   -0.316248 (VIOLATED)
_946_/CLK                               0.750000    1.066248   -0.316248 (VIOLATED)
_947_/CLK                               0.750000    1.066248   -0.316248 (VIOLATED)
_948_/CLK                               0.750000    1.066248   -0.316248 (VIOLATED)
_949_/CLK                               0.750000    1.066248   -0.316248 (VIOLATED)
_950_/CLK                               0.750000    1.066248   -0.316248 (VIOLATED)
_951_/CLK                               0.750000    1.066248   -0.316248 (VIOLATED)
_952_/CLK                               0.750000    1.066248   -0.316248 (VIOLATED)
_953_/CLK                               0.750000    1.066248   -0.316248 (VIOLATED)
_954_/CLK                               0.750000    1.066248   -0.316248 (VIOLATED)
_955_/CLK                               0.750000    1.066248   -0.316248 (VIOLATED)
_956_/CLK                               0.750000    1.066248   -0.316248 (VIOLATED)
_957_/CLK                               0.750000    1.066248   -0.316248 (VIOLATED)
_958_/CLK                               0.750000    1.066248   -0.316248 (VIOLATED)
_959_/CLK                               0.750000    1.066248   -0.316248 (VIOLATED)
_960_/CLK                               0.750000    1.066248   -0.316248 (VIOLATED)
_961_/CLK                               0.750000    1.066248   -0.316248 (VIOLATED)
_962_/CLK                               0.750000    1.066248   -0.316248 (VIOLATED)
_963_/CLK                               0.750000    1.066248   -0.316248 (VIOLATED)
_964_/CLK                               0.750000    1.066248   -0.316248 (VIOLATED)
_965_/CLK                               0.750000    1.066248   -0.316248 (VIOLATED)
_966_/CLK                               0.750000    1.066248   -0.316248 (VIOLATED)
_967_/CLK                               0.750000    1.066248   -0.316248 (VIOLATED)
_968_/CLK                               0.750000    1.066248   -0.316248 (VIOLATED)
_969_/CLK                               0.750000    1.066248   -0.316248 (VIOLATED)
_970_/CLK                               0.750000    1.066248   -0.316248 (VIOLATED)
_971_/CLK                               0.750000    1.066248   -0.316248 (VIOLATED)
_972_/CLK                               0.750000    1.066248   -0.316248 (VIOLATED)
_973_/CLK                               0.750000    1.066248   -0.316248 (VIOLATED)
_974_/CLK                               0.750000    1.066248   -0.316248 (VIOLATED)
_975_/CLK                               0.750000    1.066248   -0.316248 (VIOLATED)
_976_/CLK                               0.750000    1.066248   -0.316248 (VIOLATED)
_977_/CLK                               0.750000    1.066248   -0.316248 (VIOLATED)
_978_/CLK                               0.750000    1.066248   -0.316248 (VIOLATED)
_979_/CLK                               0.750000    1.066248   -0.316248 (VIOLATED)
_980_/CLK                               0.750000    1.066248   -0.316248 (VIOLATED)
_981_/CLK                               0.750000    1.066248   -0.316248 (VIOLATED)
_982_/CLK                               0.750000    1.066248   -0.316248 (VIOLATED)
_983_/CLK                               0.750000    1.066248   -0.316248 (VIOLATED)
_984_/CLK                               0.750000    1.066248   -0.316248 (VIOLATED)
_985_/CLK                               0.750000    1.066248   -0.316248 (VIOLATED)
_986_/CLK                               0.750000    1.066248   -0.316248 (VIOLATED)
_987_/CLK                               0.750000    1.066248   -0.316248 (VIOLATED)
_988_/CLK                               0.750000    1.066248   -0.316248 (VIOLATED)
_989_/CLK                               0.750000    1.066248   -0.316248 (VIOLATED)
RST_N                                   0.750000    0.972194   -0.222194 (VIOLATED)
_434_/B1                                0.750000    0.972194   -0.222194 (VIOLATED)
_435_/B1                                0.750000    0.972194   -0.222194 (VIOLATED)
_436_/B1                                0.750000    0.972194   -0.222194 (VIOLATED)
_437_/B1                                0.750000    0.972194   -0.222194 (VIOLATED)
_438_/B1                                0.750000    0.972194   -0.222194 (VIOLATED)
_439_/B1                                0.750000    0.972194   -0.222194 (VIOLATED)
_440_/B1                                0.750000    0.972194   -0.222194 (VIOLATED)
_441_/A                                 0.750000    0.972194   -0.222194 (VIOLATED)
_448_/C1                                0.750000    0.972194   -0.222194 (VIOLATED)
_450_/C1                                0.750000    0.972194   -0.222194 (VIOLATED)
_452_/C1                                0.750000    0.972194   -0.222194 (VIOLATED)
_454_/C1                                0.750000    0.972194   -0.222194 (VIOLATED)
_455_/A                                 0.750000    0.972194   -0.222194 (VIOLATED)
_457_/A                                 0.750000    0.972194   -0.222194 (VIOLATED)
_459_/A                                 0.750000    0.972194   -0.222194 (VIOLATED)
_461_/B                                 0.750000    0.972194   -0.222194 (VIOLATED)
_463_/B                                 0.750000    0.972194   -0.222194 (VIOLATED)
_465_/B                                 0.750000    0.972194   -0.222194 (VIOLATED)
_467_/B                                 0.750000    0.972194   -0.222194 (VIOLATED)
_469_/B                                 0.750000    0.972194   -0.222194 (VIOLATED)
_471_/B                                 0.750000    0.972194   -0.222194 (VIOLATED)
_473_/B                                 0.750000    0.972194   -0.222194 (VIOLATED)
_475_/B                                 0.750000    0.972194   -0.222194 (VIOLATED)
_477_/B                                 0.750000    0.972194   -0.222194 (VIOLATED)
_479_/B                                 0.750000    0.972194   -0.222194 (VIOLATED)
_481_/B                                 0.750000    0.972194   -0.222194 (VIOLATED)
_483_/B                                 0.750000    0.972194   -0.222194 (VIOLATED)
_485_/B                                 0.750000    0.972194   -0.222194 (VIOLATED)
_487_/B                                 0.750000    0.972194   -0.222194 (VIOLATED)
_489_/B                                 0.750000    0.972194   -0.222194 (VIOLATED)
_491_/B                                 0.750000    0.972194   -0.222194 (VIOLATED)
_493_/B                                 0.750000    0.972194   -0.222194 (VIOLATED)
_495_/B                                 0.750000    0.972194   -0.222194 (VIOLATED)
_497_/B                                 0.750000    0.972194   -0.222194 (VIOLATED)
_499_/B                                 0.750000    0.972194   -0.222194 (VIOLATED)
_501_/B                                 0.750000    0.972194   -0.222194 (VIOLATED)
_503_/A                                 0.750000    0.972194   -0.222194 (VIOLATED)
_505_/A                                 0.750000    0.972194   -0.222194 (VIOLATED)
_507_/A                                 0.750000    0.972194   -0.222194 (VIOLATED)
_509_/A                                 0.750000    0.972194   -0.222194 (VIOLATED)
_511_/A                                 0.750000    0.972194   -0.222194 (VIOLATED)
_513_/A                                 0.750000    0.972194   -0.222194 (VIOLATED)
_515_/A                                 0.750000    0.972194   -0.222194 (VIOLATED)
_517_/A                                 0.750000    0.972194   -0.222194 (VIOLATED)
_519_/A                                 0.750000    0.972194   -0.222194 (VIOLATED)
_521_/A                                 0.750000    0.972194   -0.222194 (VIOLATED)
_523_/A                                 0.750000    0.972194   -0.222194 (VIOLATED)
_525_/A                                 0.750000    0.972194   -0.222194 (VIOLATED)
_527_/A                                 0.750000    0.972194   -0.222194 (VIOLATED)
_529_/A                                 0.750000    0.972194   -0.222194 (VIOLATED)
_531_/A                                 0.750000    0.972194   -0.222194 (VIOLATED)
_533_/A                                 0.750000    0.972194   -0.222194 (VIOLATED)
_535_/A                                 0.750000    0.972194   -0.222194 (VIOLATED)
_537_/A                                 0.750000    0.972194   -0.222194 (VIOLATED)
_539_/A                                 0.750000    0.972194   -0.222194 (VIOLATED)
_541_/A                                 0.750000    0.972194   -0.222194 (VIOLATED)
_543_/A                                 0.750000    0.972194   -0.222194 (VIOLATED)
_545_/A                                 0.750000    0.972194   -0.222194 (VIOLATED)
_547_/B                                 0.750000    0.972194   -0.222194 (VIOLATED)
_549_/B                                 0.750000    0.972194   -0.222194 (VIOLATED)
_551_/B                                 0.750000    0.972194   -0.222194 (VIOLATED)
_553_/B                                 0.750000    0.972194   -0.222194 (VIOLATED)
_555_/B                                 0.750000    0.972194   -0.222194 (VIOLATED)
_557_/B                                 0.750000    0.972194   -0.222194 (VIOLATED)
_559_/B                                 0.750000    0.972194   -0.222194 (VIOLATED)
_561_/B                                 0.750000    0.972194   -0.222194 (VIOLATED)
_563_/A                                 0.750000    0.972194   -0.222194 (VIOLATED)
_565_/A                                 0.750000    0.972194   -0.222194 (VIOLATED)
_567_/A                                 0.750000    0.972194   -0.222194 (VIOLATED)
_569_/A                                 0.750000    0.972194   -0.222194 (VIOLATED)
_571_/A                                 0.750000    0.972194   -0.222194 (VIOLATED)
_573_/A                                 0.750000    0.972194   -0.222194 (VIOLATED)
_575_/A                                 0.750000    0.972194   -0.222194 (VIOLATED)
_577_/B                                 0.750000    0.972194   -0.222194 (VIOLATED)
_580_/A                                 0.750000    0.972194   -0.222194 (VIOLATED)
_582_/B                                 0.750000    0.972194   -0.222194 (VIOLATED)
_584_/B                                 0.750000    0.972194   -0.222194 (VIOLATED)
_586_/A                                 0.750000    0.972194   -0.222194 (VIOLATED)
_588_/A                                 0.750000    0.972194   -0.222194 (VIOLATED)
_590_/C                                 0.750000    0.972194   -0.222194 (VIOLATED)
_594_/B                                 0.750000    0.972194   -0.222194 (VIOLATED)
_604_/A                                 0.750000    0.972194   -0.222194 (VIOLATED)
_617_/C1                                0.750000    0.972194   -0.222194 (VIOLATED)
_633_/B1                                0.750000    0.972194   -0.222194 (VIOLATED)
_656_/B1                                0.750000    0.972194   -0.222194 (VIOLATED)
_679_/C1                                0.750000    0.972194   -0.222194 (VIOLATED)
_686_/C1                                0.750000    0.972194   -0.222194 (VIOLATED)
_697_/C1                                0.750000    0.972194   -0.222194 (VIOLATED)
_705_/B1                                0.750000    0.972194   -0.222194 (VIOLATED)
_709_/A                                 0.750000    0.972194   -0.222194 (VIOLATED)
_712_/A                                 0.750000    0.972194   -0.222194 (VIOLATED)
_715_/A                                 0.750000    0.972194   -0.222194 (VIOLATED)
_718_/A                                 0.750000    0.972194   -0.222194 (VIOLATED)
_721_/A                                 0.750000    0.972194   -0.222194 (VIOLATED)
_724_/A                                 0.750000    0.972194   -0.222194 (VIOLATED)
_727_/A                                 0.750000    0.972194   -0.222194 (VIOLATED)
_730_/A                                 0.750000    0.972194   -0.222194 (VIOLATED)
_733_/A                                 0.750000    0.972194   -0.222194 (VIOLATED)
_736_/A                                 0.750000    0.972194   -0.222194 (VIOLATED)
_739_/A                                 0.750000    0.972194   -0.222194 (VIOLATED)
_742_/A                                 0.750000    0.972194   -0.222194 (VIOLATED)
_745_/A                                 0.750000    0.972194   -0.222194 (VIOLATED)
_748_/A                                 0.750000    0.972194   -0.222194 (VIOLATED)
_751_/A                                 0.750000    0.972194   -0.222194 (VIOLATED)
_754_/A                                 0.750000    0.972194   -0.222194 (VIOLATED)
_757_/A                                 0.750000    0.972194   -0.222194 (VIOLATED)
_760_/A                                 0.750000    0.972194   -0.222194 (VIOLATED)
_763_/A                                 0.750000    0.972194   -0.222194 (VIOLATED)
_766_/A                                 0.750000    0.972194   -0.222194 (VIOLATED)
_769_/A                                 0.750000    0.972194   -0.222194 (VIOLATED)
_774_/B1                                0.750000    0.972194   -0.222194 (VIOLATED)
_778_/B1                                0.750000    0.972194   -0.222194 (VIOLATED)
_781_/B1                                0.750000    0.972194   -0.222194 (VIOLATED)
_796_/B1                                0.750000    0.972194   -0.222194 (VIOLATED)
_805_/B1                                0.750000    0.972194   -0.222194 (VIOLATED)
_813_/B1                                0.750000    0.972194   -0.222194 (VIOLATED)
_821_/A                                 0.750000    0.972194   -0.222194 (VIOLATED)
_853_/B1                                0.750000    0.972194   -0.222194 (VIOLATED)
_856_/B1                                0.750000    0.972194   -0.222194 (VIOLATED)
_859_/B1                                0.750000    0.972194   -0.222194 (VIOLATED)
_861_/B1                                0.750000    0.972194   -0.222194 (VIOLATED)
_862_/A                                 0.750000    0.972194   -0.222194 (VIOLATED)

max fanout

Pin                                   Limit Fanout  Slack
---------------------------------------------------------
CLK                                       6    126   -120 (VIOLATED)
RST_N                                     6    122   -116 (VIOLATED)
EN_send                                   6     21    -15 (VIOLATED)
_919_/Q                                   6     12     -6 (VIOLATED)
_950_/Q                                   6     11     -5 (VIOLATED)
_877_/Q                                   6      8     -2 (VIOLATED)
_920_/Q                                   6      8     -2 (VIOLATED)
_931_/Q                                   6      8     -2 (VIOLATED)
_921_/Q                                   6      7        (VIOLATED)
_934_/Q                                   6      7        (VIOLATED)
_947_/Q                                   6      7        (VIOLATED)



===========================================================================
report_parasitic_annotation -report_unannotated
============================================================================
Found 584 unannotated drivers.
 CLK
 EN_send
 RST_N
 send_data_input[0]
 send_data_input[10]
 send_data_input[11]
 send_data_input[12]
 send_data_input[13]
 send_data_input[14]
 send_data_input[15]
 send_data_input[16]
 send_data_input[17]
 send_data_input[18]
 send_data_input[19]
 send_data_input[1]
 send_data_input[20]
 send_data_input[2]
 send_data_input[3]
 send_data_input[4]
 send_data_input[5]
 send_data_input[6]
 send_data_input[7]
 send_data_input[8]
 send_data_input[9]
 _432_/X
 _433_/X
 _434_/X
 _435_/X
 _436_/X
 _437_/X
 _438_/X
 _439_/X
 _440_/X
 _441_/X
 _442_/X
 _443_/X
 _444_/X
 _445_/X
 _446_/X
 _447_/X
 _448_/X
 _449_/X
 _450_/X
 _451_/X
 _452_/X
 _453_/X
 _454_/X
 _455_/X
 _456_/X
 _457_/X
 _458_/X
 _459_/X
 _460_/X
 _461_/X
 _462_/X
 _463_/X
 _464_/X
 _465_/X
 _466_/X
 _467_/X
 _468_/X
 _469_/X
 _470_/X
 _471_/X
 _472_/X
 _473_/X
 _474_/X
 _475_/X
 _476_/X
 _477_/X
 _478_/X
 _479_/X
 _480_/X
 _481_/X
 _482_/X
 _483_/X
 _484_/X
 _485_/X
 _486_/X
 _487_/X
 _488_/X
 _489_/X
 _490_/X
 _491_/X
 _492_/X
 _493_/X
 _494_/X
 _495_/X
 _496_/X
 _497_/X
 _498_/X
 _499_/X
 _500_/X
 _501_/X
 _502_/X
 _503_/X
 _504_/X
 _505_/X
 _506_/X
 _507_/X
 _508_/X
 _509_/X
 _510_/X
 _511_/X
 _512_/X
 _513_/X
 _514_/X
 _515_/X
 _516_/X
 _517_/X
 _518_/X
 _519_/X
 _520_/X
 _521_/X
 _522_/X
 _523_/X
 _524_/X
 _525_/X
 _526_/X
 _527_/X
 _528_/X
 _529_/X
 _530_/X
 _531_/X
 _532_/X
 _533_/X
 _534_/X
 _535_/X
 _536_/X
 _537_/X
 _538_/X
 _539_/X
 _540_/X
 _541_/X
 _542_/X
 _543_/X
 _544_/X
 _545_/X
 _546_/X
 _547_/X
 _548_/X
 _549_/X
 _550_/X
 _551_/X
 _552_/X
 _553_/X
 _554_/X
 _555_/X
 _556_/X
 _557_/X
 _558_/X
 _559_/X
 _560_/X
 _561_/X
 _562_/X
 _563_/X
 _564_/X
 _565_/X
 _566_/X
 _567_/X
 _568_/X
 _569_/X
 _570_/X
 _571_/X
 _572_/X
 _573_/X
 _574_/X
 _575_/X
 _576_/X
 _577_/X
 _578_/X
 _579_/Y
 _580_/Y
 _581_/Y
 _582_/X
 _583_/X
 _584_/X
 _585_/X
 _586_/X
 _587_/X
 _588_/X
 _589_/X
 _590_/X
 _591_/X
 _592_/X
 _593_/X
 _594_/X
 _595_/X
 _596_/X
 _597_/X
 _598_/Y
 _599_/Y
 _600_/X
 _601_/X
 _602_/X
 _603_/Y
 _604_/X
 _605_/X
 _606_/X
 _607_/Y
 _608_/X
 _609_/Y
 _610_/Y
 _611_/Y
 _612_/Y
 _613_/Y
 _614_/Y
 _615_/Y
 _616_/Y
 _617_/X
 _618_/X
 _619_/X
 _620_/Y
 _621_/X
 _622_/Y
 _623_/X
 _624_/Y
 _625_/X
 _626_/X
 _627_/X
 _628_/X
 _629_/Y
 _630_/X
 _631_/Y
 _632_/X
 _633_/Y
 _634_/Y
 _635_/X
 _636_/X
 _637_/X
 _638_/X
 _639_/Y
 _640_/Y
 _641_/Y
 _642_/Y
 _643_/X
 _644_/X
 _645_/Y
 _646_/Y
 _647_/X
 _648_/X
 _649_/X
 _650_/X
 _651_/Y
 _652_/X
 _653_/X
 _654_/Y
 _655_/Y
 _656_/X
 _657_/Y
 _658_/X
 _659_/X
 _660_/Y
 _661_/Y
 _662_/X
 _663_/Y
 _664_/Y
 _665_/X
 _666_/Y
 _667_/Y
 _668_/Y
 _669_/X
 _670_/X
 _671_/Y
 _672_/X
 _673_/X
 _674_/Y
 _675_/X
 _676_/X
 _677_/Y
 _678_/X
 _679_/X
 _680_/X
 _681_/Y
 _682_/X
 _683_/Y
 _684_/X
 _685_/X
 _686_/X
 _687_/X
 _688_/X
 _689_/X
 _690_/X
 _691_/X
 _692_/X
 _693_/Y
 _694_/Y
 _695_/X
 _696_/X
 _697_/X
 _698_/Y
 _699_/X
 _700_/X
 _701_/X
 _702_/Y
 _703_/X
 _704_/X
 _705_/X
 _706_/Y
 _707_/Y
 _708_/X
 _709_/X
 _710_/X
 _711_/X
 _712_/X
 _713_/X
 _714_/X
 _715_/X
 _716_/X
 _717_/X
 _718_/X
 _719_/X
 _720_/X
 _721_/X
 _722_/X
 _723_/X
 _724_/X
 _725_/X
 _726_/X
 _727_/X
 _728_/X
 _729_/X
 _730_/X
 _731_/X
 _732_/X
 _733_/X
 _734_/X
 _735_/X
 _736_/X
 _737_/X
 _738_/X
 _739_/X
 _740_/X
 _741_/X
 _742_/X
 _743_/X
 _744_/X
 _745_/X
 _746_/X
 _747_/X
 _748_/X
 _749_/X
 _750_/X
 _751_/X
 _752_/X
 _753_/X
 _754_/X
 _755_/X
 _756_/X
 _757_/X
 _758_/X
 _759_/X
 _760_/X
 _761_/X
 _762_/X
 _763_/X
 _764_/X
 _765_/X
 _766_/X
 _767_/X
 _768_/X
 _769_/X
 _770_/X
 _771_/Y
 _772_/X
 _773_/Y
 _774_/X
 _775_/X
 _776_/Y
 _777_/Y
 _778_/X
 _779_/Y
 _780_/Y
 _781_/X
 _782_/Y
 _783_/X
 _784_/X
 _785_/Y
 _786_/X
 _787_/X
 _788_/Y
 _789_/X
 _790_/X
 _791_/X
 _792_/Y
 _793_/Y
 _794_/X
 _795_/X
 _796_/X
 _797_/Y
 _798_/X
 _799_/Y
 _800_/X
 _801_/Y
 _802_/X
 _803_/X
 _804_/X
 _805_/X
 _806_/X
 _807_/X
 _808_/X
 _809_/Y
 _810_/Y
 _811_/X
 _812_/X
 _813_/X
 _814_/Y
 _815_/Y
 _816_/X
 _817_/X
 _818_/Y
 _819_/X
 _820_/Y
 _821_/X
 _822_/X
 _823_/Y
 _824_/Y
 _825_/Y
 _826_/X
 _827_/X
 _828_/Y
 _829_/Y
 _830_/Y
 _831_/X
 _832_/Y
 _833_/Y
 _834_/X
 _835_/Y
 _836_/Y
 _837_/X
 _838_/Y
 _839_/X
 _840_/X
 _841_/X
 _842_/X
 _843_/Y
 _844_/X
 _845_/X
 _846_/Y
 _847_/Y
 _848_/X
 _849_/Y
 _850_/X
 _851_/Y
 _852_/Y
 _853_/X
 _854_/X
 _855_/Y
 _856_/X
 _857_/X
 _858_/X
 _859_/X
 _860_/X
 _861_/X
 _862_/X
 _863_/X
 _864_/Q
 _865_/Q
 _866_/Q
 _867_/Q
 _868_/Q
 _869_/Q
 _870_/Q
 _871_/Q
 _872_/Q
 _873_/Q
 _874_/Q
 _875_/Q
 _876_/Q
 _877_/Q
 _878_/Q
 _879_/Q
 _880_/Q
 _881_/Q
 _882_/Q
 _883_/Q
 _884_/Q
 _885_/Q
 _886_/Q
 _887_/Q
 _888_/Q
 _889_/Q
 _890_/Q
 _891_/Q
 _892_/Q
 _893_/Q
 _894_/Q
 _895_/Q
 _896_/Q
 _897_/Q
 _898_/Q
 _899_/Q
 _900_/Q
 _901_/Q
 _902_/Q
 _903_/Q
 _904_/Q
 _905_/Q
 _906_/Q
 _907_/Q
 _908_/Q
 _909_/Q
 _910_/Q
 _911_/Q
 _912_/Q
 _913_/Q
 _914_/Q
 _915_/Q
 _916_/Q
 _917_/Q
 _918_/Q
 _919_/Q
 _920_/Q
 _921_/Q
 _922_/Q
 _923_/Q
 _924_/Q
 _925_/Q
 _926_/Q
 _927_/Q
 _928_/Q
 _929_/Q
 _930_/Q
 _931_/Q
 _932_/Q
 _933_/Q
 _934_/Q
 _935_/Q
 _936_/Q
 _937_/Q
 _938_/Q
 _939_/Q
 _940_/Q
 _941_/Q
 _942_/Q
 _943_/Q
 _944_/Q
 _945_/Q
 _946_/Q
 _947_/Q
 _948_/Q
 _949_/Q
 _950_/Q
 _951_/Q
 _952_/Q
 _953_/Q
 _954_/Q
 _955_/Q
 _956_/Q
 _957_/Q
 _958_/Q
 _959_/Q
 _960_/Q
 _961_/Q
 _962_/Q
 _963_/Q
 _964_/Q
 _965_/Q
 _966_/Q
 _967_/Q
 _968_/Q
 _969_/Q
 _970_/Q
 _971_/Q
 _972_/Q
 _973_/Q
 _974_/Q
 _975_/Q
 _976_/Q
 _977_/Q
 _978_/Q
 _979_/Q
 _980_/Q
 _981_/Q
 _982_/Q
 _983_/Q
 _984_/Q
 _985_/Q
 _986_/Q
 _987_/Q
 _988_/Q
 _989_/Q
 _990_/X
 _991_/X
Found 0 partially unannotated drivers.

===========================================================================
max slew violation count 250
max fanout violation count 11
max cap violation count 0
============================================================================

===========================================================================
check_setup -verbose -unconstrained_endpoints -multiple_clock -no_clock -no_input_delay -loops -generated_clocks
===========================================================================
Warning: There are 2 unconstrained endpoints.
  RDY_receive
  RDY_send
