
===========================================================================
report_checks -unconstrained
===========================================================================
======================= min_ss_100C_1v60 Corner ===================================

Startpoint: _947_ (rising edge-triggered flip-flop clocked by CLK)
Endpoint: _982_ (rising edge-triggered flip-flop clocked by CLK)
Path Group: CLK
Path Type: max

Fanout         Cap        Slew       Delay        Time   Description
---------------------------------------------------------------------------------------------
                                  0.000000    0.000000   clock CLK (rise edge)
                                  0.000000    0.000000   clock source latency
     1    0.023346    0.173403    0.119093    0.119093 ^ CLK (in)
                                                         CLK (net)
                      0.173420    0.000000    0.119093 ^ clkbuf_0_CLK/A (sky130_fd_sc_hd__clkbuf_16)
    16    0.118720    0.202423    0.380940    0.500033 ^ clkbuf_0_CLK/X (sky130_fd_sc_hd__clkbuf_16)
                                                         clknet_0_CLK (net)
                      0.202474    0.002655    0.502688 ^ clkbuf_4_9_0_CLK/A (sky130_fd_sc_hd__clkbuf_8)
     5    0.013035    0.067959    0.280861    0.783549 ^ clkbuf_4_9_0_CLK/X (sky130_fd_sc_hd__clkbuf_8)
                                                         clknet_4_9_0_CLK (net)
                      0.067959    0.000183    0.783732 ^ _947_/CLK (sky130_fd_sc_hd__dfxtp_1)
     2    0.010616    0.174793    0.706808    1.490540 ^ _947_/Q (sky130_fd_sc_hd__dfxtp_1)
                                                         final_man[4] (net)
                      0.174793    0.000120    1.490660 ^ fanout34/A (sky130_fd_sc_hd__clkbuf_2)
     6    0.025421    0.223026    0.351175    1.841836 ^ fanout34/X (sky130_fd_sc_hd__clkbuf_2)
                                                         net34 (net)
                      0.223026    0.000103    1.841939 ^ _657_/A (sky130_fd_sc_hd__nor2_2)
     3    0.008824    0.097274    0.152347    1.994286 v _657_/Y (sky130_fd_sc_hd__nor2_2)
                                                         _264_ (net)
                      0.097274    0.000086    1.994372 v _665_/A1 (sky130_fd_sc_hd__a211o_1)
     2    0.008021    0.131105    0.550334    2.544705 v _665_/X (sky130_fd_sc_hd__a211o_1)
                                                         _272_ (net)
                      0.131105    0.000054    2.544760 v _666_/D1 (sky130_fd_sc_hd__o2111ai_2)
     2    0.005144    0.257468    0.132500    2.677259 ^ _666_/Y (sky130_fd_sc_hd__o2111ai_2)
                                                         _273_ (net)
                      0.257468    0.000050    2.677310 ^ _669_/A2 (sky130_fd_sc_hd__a21o_1)
     3    0.012884    0.189579    0.381354    3.058664 ^ _669_/X (sky130_fd_sc_hd__a21o_1)
                                                         _276_ (net)
                      0.189579    0.000158    3.058821 ^ rebuffer3/A (sky130_fd_sc_hd__buf_6)
     2    0.008319    0.051345    0.215879    3.274701 ^ rebuffer3/X (sky130_fd_sc_hd__buf_6)
                                                         net80 (net)
                      0.051345    0.000087    3.274788 ^ _674_/B (sky130_fd_sc_hd__nand3b_1)
     3    0.008460    0.246393    0.248362    3.523150 v _674_/Y (sky130_fd_sc_hd__nand3b_1)
                                                         _281_ (net)
                      0.246393    0.000138    3.523288 v _787_/A (sky130_fd_sc_hd__clkbuf_2)
     6    0.018485    0.137987    0.341964    3.865251 v _787_/X (sky130_fd_sc_hd__clkbuf_2)
                                                         _365_ (net)
                      0.137987    0.000198    3.865449 v _789_/C (sky130_fd_sc_hd__and3_1)
     2    0.005821    0.095497    0.421954    4.287403 v _789_/X (sky130_fd_sc_hd__and3_1)
                                                         _367_ (net)
                      0.095497    0.000064    4.287466 v _807_/C1 (sky130_fd_sc_hd__a211o_1)
     1    0.002882    0.085697    0.434737    4.722203 v _807_/X (sky130_fd_sc_hd__a211o_1)
                                                         _383_ (net)
                      0.085697    0.000031    4.722234 v _811_/C (sky130_fd_sc_hd__and4_1)
     1    0.003557    0.079610    0.392482    5.114716 v _811_/X (sky130_fd_sc_hd__and4_1)
                                                         _387_ (net)
                      0.079610    0.000047    5.114762 v _813_/A1 (sky130_fd_sc_hd__o21a_1)
     1    0.002705    0.064222    0.336452    5.451215 v _813_/X (sky130_fd_sc_hd__o21a_1)
                                                         _118_ (net)
                      0.064222    0.000033    5.451248 v _982_/D (sky130_fd_sc_hd__dfxtp_1)
                                              5.451248   data arrival time

                                  5.000000    5.000000   clock CLK (rise edge)
                                  0.000000    5.000000   clock source latency
     1    0.023346    0.173403    0.119093    5.119093 ^ CLK (in)
                                                         CLK (net)
                      0.173420    0.000000    5.119093 ^ clkbuf_0_CLK/A (sky130_fd_sc_hd__clkbuf_16)
    16    0.118720    0.202423    0.380939    5.500032 ^ clkbuf_0_CLK/X (sky130_fd_sc_hd__clkbuf_16)
                                                         clknet_0_CLK (net)
                      0.202526    0.003761    5.503793 ^ clkbuf_4_10_0_CLK/A (sky130_fd_sc_hd__clkbuf_8)
     8    0.020790    0.085381    0.298557    5.802350 ^ clkbuf_4_10_0_CLK/X (sky130_fd_sc_hd__clkbuf_8)
                                                         clknet_4_10_0_CLK (net)
                      0.085383    0.000332    5.802681 ^ _982_/CLK (sky130_fd_sc_hd__dfxtp_1)
                                 -0.250000    5.552681   clock uncertainty
                                  0.000000    5.552681   clock reconvergence pessimism
                                 -0.262435    5.290246   library setup time
                                              5.290246   data required time
---------------------------------------------------------------------------------------------
                                              5.290246   data required time
                                             -5.451248   data arrival time
---------------------------------------------------------------------------------------------
                                             -0.161001   slack (VIOLATED)




===========================================================================
report_checks --slack_max -0.01
============================================================================
======================= min_ss_100C_1v60 Corner ===================================

Startpoint: _947_ (rising edge-triggered flip-flop clocked by CLK)
Endpoint: _982_ (rising edge-triggered flip-flop clocked by CLK)
Path Group: CLK
Path Type: max

Fanout         Cap        Slew       Delay        Time   Description
---------------------------------------------------------------------------------------------
                                  0.000000    0.000000   clock CLK (rise edge)
                                  0.000000    0.000000   clock source latency
     1    0.023346    0.173403    0.119093    0.119093 ^ CLK (in)
                                                         CLK (net)
                      0.173420    0.000000    0.119093 ^ clkbuf_0_CLK/A (sky130_fd_sc_hd__clkbuf_16)
    16    0.118720    0.202423    0.380940    0.500033 ^ clkbuf_0_CLK/X (sky130_fd_sc_hd__clkbuf_16)
                                                         clknet_0_CLK (net)
                      0.202474    0.002655    0.502688 ^ clkbuf_4_9_0_CLK/A (sky130_fd_sc_hd__clkbuf_8)
     5    0.013035    0.067959    0.280861    0.783549 ^ clkbuf_4_9_0_CLK/X (sky130_fd_sc_hd__clkbuf_8)
                                                         clknet_4_9_0_CLK (net)
                      0.067959    0.000183    0.783732 ^ _947_/CLK (sky130_fd_sc_hd__dfxtp_1)
     2    0.010616    0.174793    0.706808    1.490540 ^ _947_/Q (sky130_fd_sc_hd__dfxtp_1)
                                                         final_man[4] (net)
                      0.174793    0.000120    1.490660 ^ fanout34/A (sky130_fd_sc_hd__clkbuf_2)
     6    0.025421    0.223026    0.351175    1.841836 ^ fanout34/X (sky130_fd_sc_hd__clkbuf_2)
                                                         net34 (net)
                      0.223026    0.000103    1.841939 ^ _657_/A (sky130_fd_sc_hd__nor2_2)
     3    0.008824    0.097274    0.152347    1.994286 v _657_/Y (sky130_fd_sc_hd__nor2_2)
                                                         _264_ (net)
                      0.097274    0.000086    1.994372 v _665_/A1 (sky130_fd_sc_hd__a211o_1)
     2    0.008021    0.131105    0.550334    2.544705 v _665_/X (sky130_fd_sc_hd__a211o_1)
                                                         _272_ (net)
                      0.131105    0.000054    2.544760 v _666_/D1 (sky130_fd_sc_hd__o2111ai_2)
     2    0.005144    0.257468    0.132500    2.677259 ^ _666_/Y (sky130_fd_sc_hd__o2111ai_2)
                                                         _273_ (net)
                      0.257468    0.000050    2.677310 ^ _669_/A2 (sky130_fd_sc_hd__a21o_1)
     3    0.012884    0.189579    0.381354    3.058664 ^ _669_/X (sky130_fd_sc_hd__a21o_1)
                                                         _276_ (net)
                      0.189579    0.000158    3.058821 ^ rebuffer3/A (sky130_fd_sc_hd__buf_6)
     2    0.008319    0.051345    0.215879    3.274701 ^ rebuffer3/X (sky130_fd_sc_hd__buf_6)
                                                         net80 (net)
                      0.051345    0.000087    3.274788 ^ _674_/B (sky130_fd_sc_hd__nand3b_1)
     3    0.008460    0.246393    0.248362    3.523150 v _674_/Y (sky130_fd_sc_hd__nand3b_1)
                                                         _281_ (net)
                      0.246393    0.000138    3.523288 v _787_/A (sky130_fd_sc_hd__clkbuf_2)
     6    0.018485    0.137987    0.341964    3.865251 v _787_/X (sky130_fd_sc_hd__clkbuf_2)
                                                         _365_ (net)
                      0.137987    0.000198    3.865449 v _789_/C (sky130_fd_sc_hd__and3_1)
     2    0.005821    0.095497    0.421954    4.287403 v _789_/X (sky130_fd_sc_hd__and3_1)
                                                         _367_ (net)
                      0.095497    0.000064    4.287466 v _807_/C1 (sky130_fd_sc_hd__a211o_1)
     1    0.002882    0.085697    0.434737    4.722203 v _807_/X (sky130_fd_sc_hd__a211o_1)
                                                         _383_ (net)
                      0.085697    0.000031    4.722234 v _811_/C (sky130_fd_sc_hd__and4_1)
     1    0.003557    0.079610    0.392482    5.114716 v _811_/X (sky130_fd_sc_hd__and4_1)
                                                         _387_ (net)
                      0.079610    0.000047    5.114762 v _813_/A1 (sky130_fd_sc_hd__o21a_1)
     1    0.002705    0.064222    0.336452    5.451215 v _813_/X (sky130_fd_sc_hd__o21a_1)
                                                         _118_ (net)
                      0.064222    0.000033    5.451248 v _982_/D (sky130_fd_sc_hd__dfxtp_1)
                                              5.451248   data arrival time

                                  5.000000    5.000000   clock CLK (rise edge)
                                  0.000000    5.000000   clock source latency
     1    0.023346    0.173403    0.119093    5.119093 ^ CLK (in)
                                                         CLK (net)
                      0.173420    0.000000    5.119093 ^ clkbuf_0_CLK/A (sky130_fd_sc_hd__clkbuf_16)
    16    0.118720    0.202423    0.380939    5.500032 ^ clkbuf_0_CLK/X (sky130_fd_sc_hd__clkbuf_16)
                                                         clknet_0_CLK (net)
                      0.202526    0.003761    5.503793 ^ clkbuf_4_10_0_CLK/A (sky130_fd_sc_hd__clkbuf_8)
     8    0.020790    0.085381    0.298557    5.802350 ^ clkbuf_4_10_0_CLK/X (sky130_fd_sc_hd__clkbuf_8)
                                                         clknet_4_10_0_CLK (net)
                      0.085383    0.000332    5.802681 ^ _982_/CLK (sky130_fd_sc_hd__dfxtp_1)
                                 -0.250000    5.552681   clock uncertainty
                                  0.000000    5.552681   clock reconvergence pessimism
                                 -0.262435    5.290246   library setup time
                                              5.290246   data required time
---------------------------------------------------------------------------------------------
                                              5.290246   data required time
                                             -5.451248   data arrival time
---------------------------------------------------------------------------------------------
                                             -0.161001   slack (VIOLATED)




===========================================================================
 report_check_types -max_slew -max_cap -max_fanout -violators
============================================================================
======================= min_ss_100C_1v60 Corner ===================================

max fanout

Pin                                   Limit Fanout  Slack
---------------------------------------------------------
clkbuf_0_CLK/X                            6     16    -10 (VIOLATED)
clkbuf_4_2_0_CLK/X                        6     12     -6 (VIOLATED)
clkbuf_4_5_0_CLK/X                        6     10     -4 (VIOLATED)
clkbuf_4_7_0_CLK/X                        6     10     -4 (VIOLATED)
clkbuf_4_4_0_CLK/X                        6      9     -3 (VIOLATED)
clkbuf_4_6_0_CLK/X                        6      9     -3 (VIOLATED)
clkbuf_4_0_0_CLK/X                        6      8     -2 (VIOLATED)
clkbuf_4_10_0_CLK/X                       6      8     -2 (VIOLATED)
clkbuf_4_13_0_CLK/X                       6      8     -2 (VIOLATED)
clkbuf_4_14_0_CLK/X                       6      8     -2 (VIOLATED)
clkbuf_4_3_0_CLK/X                        6      8     -2 (VIOLATED)
clkbuf_4_12_0_CLK/X                       6      7        (VIOLATED)
clkbuf_4_15_0_CLK/X                       6      7        (VIOLATED)
clkbuf_4_1_0_CLK/X                        6      7        (VIOLATED)



===========================================================================
report_parasitic_annotation -report_unannotated
============================================================================
Found 2 unannotated drivers.
 _990__76/LO
 _991__77/LO
Found 0 partially unannotated drivers.

===========================================================================
max slew violation count 0
max fanout violation count 14
max cap violation count 0
============================================================================

===========================================================================
check_setup -verbose -unconstrained_endpoints -multiple_clock -no_clock -no_input_delay -loops -generated_clocks
===========================================================================
Warning: There are 2 unconstrained endpoints.
  RDY_receive
  RDY_send
