
===========================================================================
report_checks -unconstrained
===========================================================================
======================= nom_tt_025C_1v80 Corner ===================================

Startpoint: _1500_ (rising edge-triggered flip-flop clocked by CLK)
Endpoint: _1433_ (rising edge-triggered flip-flop clocked by CLK)
Path Group: CLK
Path Type: max

Fanout         Cap        Slew       Delay        Time   Description
---------------------------------------------------------------------------------------------
                                  0.000000    0.000000   clock CLK (rise edge)
                                  0.000000    0.000000   clock source latency
   185    0.347245    1.560335    1.065670    1.065670 ^ CLK (in)
                                                         CLK (net)
                      1.560335    0.000000    1.065670 ^ _1500_/CLK (sky130_fd_sc_hd__dfxtp_2)
     6    0.017503    0.054864    0.568733    1.634403 v _1500_/Q (sky130_fd_sc_hd__dfxtp_2)
                                                         rg_op1[6] (net)
                      0.054864    0.000000    1.634403 v _0808_/A (sky130_fd_sc_hd__or4_2)
     3    0.004679    0.109344    0.670281    2.304684 v _0808_/X (sky130_fd_sc_hd__or4_2)
                                                         _0320_ (net)
                      0.109344    0.000000    2.304684 v _0826_/D (sky130_fd_sc_hd__or4_2)
     3    0.005876    0.114220    0.572478    2.877162 v _0826_/X (sky130_fd_sc_hd__or4_2)
                                                         _0337_ (net)
                      0.114220    0.000000    2.877162 v _0830_/A2 (sky130_fd_sc_hd__a22o_2)
     2    0.004402    0.045263    0.285229    3.162390 v _0830_/X (sky130_fd_sc_hd__a22o_2)
                                                         _0341_ (net)
                      0.045263    0.000000    3.162390 v _0833_/A2 (sky130_fd_sc_hd__o31a_2)
     6    0.015415    0.083652    0.363182    3.525572 v _0833_/X (sky130_fd_sc_hd__o31a_2)
                                                         _0344_ (net)
                      0.083652    0.000000    3.525572 v _0834_/S (sky130_fd_sc_hd__mux2_2)
     1    0.001403    0.043110    0.269433    3.795005 v _0834_/X (sky130_fd_sc_hd__mux2_2)
                                                         _0345_ (net)
                      0.043110    0.000000    3.795005 v _0835_/B (sky130_fd_sc_hd__and2_2)
     1    0.002015    0.041631    0.177756    3.972760 v _0835_/X (sky130_fd_sc_hd__and2_2)
                                                         _0346_ (net)
                      0.041631    0.000000    3.972760 v _0836_/A (sky130_fd_sc_hd__buf_1)
     1    0.001681    0.021559    0.079800    4.052560 v _0836_/X (sky130_fd_sc_hd__buf_1)
                                                         _0025_ (net)
                      0.021559    0.000000    4.052560 v _1433_/D (sky130_fd_sc_hd__dfxtp_2)
                                              4.052560   data arrival time

                                  5.000000    5.000000   clock CLK (rise edge)
                                  0.000000    5.000000   clock source latency
   185    0.347245    1.560335    1.065670    6.065670 ^ CLK (in)
                                                         CLK (net)
                      1.560335    0.000000    6.065670 ^ _1433_/CLK (sky130_fd_sc_hd__dfxtp_2)
                                 -0.250000    5.815670   clock uncertainty
                                  0.000000    5.815670   clock reconvergence pessimism
                                  0.097115    5.912786   library setup time
                                              5.912786   data required time
---------------------------------------------------------------------------------------------
                                              5.912786   data required time
                                             -4.052560   data arrival time
---------------------------------------------------------------------------------------------
                                              1.860225   slack (MET)




===========================================================================
report_checks --slack_max -0.01
============================================================================
======================= nom_tt_025C_1v80 Corner ===================================

No paths found.


===========================================================================
 report_check_types -max_slew -max_cap -max_fanout -violators
============================================================================
======================= nom_tt_025C_1v80 Corner ===================================

max slew

Pin                                        Limit        Slew       Slack
------------------------------------------------------------------------
CLK                                     0.750000    1.560335   -0.810335 (VIOLATED)
_1408_/CLK                              0.750000    1.560335   -0.810335 (VIOLATED)
_1409_/CLK                              0.750000    1.560335   -0.810335 (VIOLATED)
_1410_/CLK                              0.750000    1.560335   -0.810335 (VIOLATED)
_1411_/CLK                              0.750000    1.560335   -0.810335 (VIOLATED)
_1412_/CLK                              0.750000    1.560335   -0.810335 (VIOLATED)
_1413_/CLK                              0.750000    1.560335   -0.810335 (VIOLATED)
_1414_/CLK                              0.750000    1.560335   -0.810335 (VIOLATED)
_1415_/CLK                              0.750000    1.560335   -0.810335 (VIOLATED)
_1416_/CLK                              0.750000    1.560335   -0.810335 (VIOLATED)
_1417_/CLK                              0.750000    1.560335   -0.810335 (VIOLATED)
_1418_/CLK                              0.750000    1.560335   -0.810335 (VIOLATED)
_1419_/CLK                              0.750000    1.560335   -0.810335 (VIOLATED)
_1420_/CLK                              0.750000    1.560335   -0.810335 (VIOLATED)
_1421_/CLK                              0.750000    1.560335   -0.810335 (VIOLATED)
_1422_/CLK                              0.750000    1.560335   -0.810335 (VIOLATED)
_1423_/CLK                              0.750000    1.560335   -0.810335 (VIOLATED)
_1424_/CLK                              0.750000    1.560335   -0.810335 (VIOLATED)
_1425_/CLK                              0.750000    1.560335   -0.810335 (VIOLATED)
_1426_/CLK                              0.750000    1.560335   -0.810335 (VIOLATED)
_1427_/CLK                              0.750000    1.560335   -0.810335 (VIOLATED)
_1428_/CLK                              0.750000    1.560335   -0.810335 (VIOLATED)
_1429_/CLK                              0.750000    1.560335   -0.810335 (VIOLATED)
_1430_/CLK                              0.750000    1.560335   -0.810335 (VIOLATED)
_1431_/CLK                              0.750000    1.560335   -0.810335 (VIOLATED)
_1432_/CLK                              0.750000    1.560335   -0.810335 (VIOLATED)
_1433_/CLK                              0.750000    1.560335   -0.810335 (VIOLATED)
_1434_/CLK                              0.750000    1.560335   -0.810335 (VIOLATED)
_1435_/CLK                              0.750000    1.560335   -0.810335 (VIOLATED)
_1436_/CLK                              0.750000    1.560335   -0.810335 (VIOLATED)
_1437_/CLK                              0.750000    1.560335   -0.810335 (VIOLATED)
_1438_/CLK                              0.750000    1.560335   -0.810335 (VIOLATED)
_1439_/CLK                              0.750000    1.560335   -0.810335 (VIOLATED)
_1440_/CLK                              0.750000    1.560335   -0.810335 (VIOLATED)
_1441_/CLK                              0.750000    1.560335   -0.810335 (VIOLATED)
_1442_/CLK                              0.750000    1.560335   -0.810335 (VIOLATED)
_1443_/CLK                              0.750000    1.560335   -0.810335 (VIOLATED)
_1444_/CLK                              0.750000    1.560335   -0.810335 (VIOLATED)
_1445_/CLK                              0.750000    1.560335   -0.810335 (VIOLATED)
_1446_/CLK                              0.750000    1.560335   -0.810335 (VIOLATED)
_1447_/CLK                              0.750000    1.560335   -0.810335 (VIOLATED)
_1448_/CLK                              0.750000    1.560335   -0.810335 (VIOLATED)
_1449_/CLK                              0.750000    1.560335   -0.810335 (VIOLATED)
_1450_/CLK                              0.750000    1.560335   -0.810335 (VIOLATED)
_1451_/CLK                              0.750000    1.560335   -0.810335 (VIOLATED)
_1452_/CLK                              0.750000    1.560335   -0.810335 (VIOLATED)
_1453_/CLK                              0.750000    1.560335   -0.810335 (VIOLATED)
_1454_/CLK                              0.750000    1.560335   -0.810335 (VIOLATED)
_1455_/CLK                              0.750000    1.560335   -0.810335 (VIOLATED)
_1456_/CLK                              0.750000    1.560335   -0.810335 (VIOLATED)
_1457_/CLK                              0.750000    1.560335   -0.810335 (VIOLATED)
_1458_/CLK                              0.750000    1.560335   -0.810335 (VIOLATED)
_1459_/CLK                              0.750000    1.560335   -0.810335 (VIOLATED)
_1460_/CLK                              0.750000    1.560335   -0.810335 (VIOLATED)
_1461_/CLK                              0.750000    1.560335   -0.810335 (VIOLATED)
_1462_/CLK                              0.750000    1.560335   -0.810335 (VIOLATED)
_1463_/CLK                              0.750000    1.560335   -0.810335 (VIOLATED)
_1464_/CLK                              0.750000    1.560335   -0.810335 (VIOLATED)
_1465_/CLK                              0.750000    1.560335   -0.810335 (VIOLATED)
_1466_/CLK                              0.750000    1.560335   -0.810335 (VIOLATED)
_1467_/CLK                              0.750000    1.560335   -0.810335 (VIOLATED)
_1468_/CLK                              0.750000    1.560335   -0.810335 (VIOLATED)
_1469_/CLK                              0.750000    1.560335   -0.810335 (VIOLATED)
_1470_/CLK                              0.750000    1.560335   -0.810335 (VIOLATED)
_1471_/CLK                              0.750000    1.560335   -0.810335 (VIOLATED)
_1472_/CLK                              0.750000    1.560335   -0.810335 (VIOLATED)
_1473_/CLK                              0.750000    1.560335   -0.810335 (VIOLATED)
_1474_/CLK                              0.750000    1.560335   -0.810335 (VIOLATED)
_1475_/CLK                              0.750000    1.560335   -0.810335 (VIOLATED)
_1476_/CLK                              0.750000    1.560335   -0.810335 (VIOLATED)
_1477_/CLK                              0.750000    1.560335   -0.810335 (VIOLATED)
_1478_/CLK                              0.750000    1.560335   -0.810335 (VIOLATED)
_1479_/CLK                              0.750000    1.560335   -0.810335 (VIOLATED)
_1480_/CLK                              0.750000    1.560335   -0.810335 (VIOLATED)
_1481_/CLK                              0.750000    1.560335   -0.810335 (VIOLATED)
_1482_/CLK                              0.750000    1.560335   -0.810335 (VIOLATED)
_1483_/CLK                              0.750000    1.560335   -0.810335 (VIOLATED)
_1484_/CLK                              0.750000    1.560335   -0.810335 (VIOLATED)
_1485_/CLK                              0.750000    1.560335   -0.810335 (VIOLATED)
_1486_/CLK                              0.750000    1.560335   -0.810335 (VIOLATED)
_1487_/CLK                              0.750000    1.560335   -0.810335 (VIOLATED)
_1488_/CLK                              0.750000    1.560335   -0.810335 (VIOLATED)
_1489_/CLK                              0.750000    1.560335   -0.810335 (VIOLATED)
_1490_/CLK                              0.750000    1.560335   -0.810335 (VIOLATED)
_1491_/CLK                              0.750000    1.560335   -0.810335 (VIOLATED)
_1492_/CLK                              0.750000    1.560335   -0.810335 (VIOLATED)
_1493_/CLK                              0.750000    1.560335   -0.810335 (VIOLATED)
_1494_/CLK                              0.750000    1.560335   -0.810335 (VIOLATED)
_1495_/CLK                              0.750000    1.560335   -0.810335 (VIOLATED)
_1496_/CLK                              0.750000    1.560335   -0.810335 (VIOLATED)
_1497_/CLK                              0.750000    1.560335   -0.810335 (VIOLATED)
_1498_/CLK                              0.750000    1.560335   -0.810335 (VIOLATED)
_1499_/CLK                              0.750000    1.560335   -0.810335 (VIOLATED)
_1500_/CLK                              0.750000    1.560335   -0.810335 (VIOLATED)
_1501_/CLK                              0.750000    1.560335   -0.810335 (VIOLATED)
_1502_/CLK                              0.750000    1.560335   -0.810335 (VIOLATED)
_1503_/CLK                              0.750000    1.560335   -0.810335 (VIOLATED)
_1504_/CLK                              0.750000    1.560335   -0.810335 (VIOLATED)
_1505_/CLK                              0.750000    1.560335   -0.810335 (VIOLATED)
_1506_/CLK                              0.750000    1.560335   -0.810335 (VIOLATED)
_1507_/CLK                              0.750000    1.560335   -0.810335 (VIOLATED)
_1508_/CLK                              0.750000    1.560335   -0.810335 (VIOLATED)
_1509_/CLK                              0.750000    1.560335   -0.810335 (VIOLATED)
_1510_/CLK                              0.750000    1.560335   -0.810335 (VIOLATED)
_1511_/CLK                              0.750000    1.560335   -0.810335 (VIOLATED)
_1512_/CLK                              0.750000    1.560335   -0.810335 (VIOLATED)
_1513_/CLK                              0.750000    1.560335   -0.810335 (VIOLATED)
_1514_/CLK                              0.750000    1.560335   -0.810335 (VIOLATED)
_1515_/CLK                              0.750000    1.560335   -0.810335 (VIOLATED)
_1516_/CLK                              0.750000    1.560335   -0.810335 (VIOLATED)
_1517_/CLK                              0.750000    1.560335   -0.810335 (VIOLATED)
_1518_/CLK                              0.750000    1.560335   -0.810335 (VIOLATED)
_1519_/CLK                              0.750000    1.560335   -0.810335 (VIOLATED)
_1520_/CLK                              0.750000    1.560335   -0.810335 (VIOLATED)
_1521_/CLK                              0.750000    1.560335   -0.810335 (VIOLATED)
_1522_/CLK                              0.750000    1.560335   -0.810335 (VIOLATED)
_1523_/CLK                              0.750000    1.560335   -0.810335 (VIOLATED)
_1524_/CLK                              0.750000    1.560335   -0.810335 (VIOLATED)
_1525_/CLK                              0.750000    1.560335   -0.810335 (VIOLATED)
_1526_/CLK                              0.750000    1.560335   -0.810335 (VIOLATED)
_1527_/CLK                              0.750000    1.560335   -0.810335 (VIOLATED)
_1528_/CLK                              0.750000    1.560335   -0.810335 (VIOLATED)
_1529_/CLK                              0.750000    1.560335   -0.810335 (VIOLATED)
_1530_/CLK                              0.750000    1.560335   -0.810335 (VIOLATED)
_1531_/CLK                              0.750000    1.560335   -0.810335 (VIOLATED)
_1532_/CLK                              0.750000    1.560335   -0.810335 (VIOLATED)
_1533_/CLK                              0.750000    1.560335   -0.810335 (VIOLATED)
_1534_/CLK                              0.750000    1.560335   -0.810335 (VIOLATED)
_1535_/CLK                              0.750000    1.560335   -0.810335 (VIOLATED)
_1536_/CLK                              0.750000    1.560335   -0.810335 (VIOLATED)
_1537_/CLK                              0.750000    1.560335   -0.810335 (VIOLATED)
_1538_/CLK                              0.750000    1.560335   -0.810335 (VIOLATED)
_1539_/CLK                              0.750000    1.560335   -0.810335 (VIOLATED)
_1540_/CLK                              0.750000    1.560335   -0.810335 (VIOLATED)
_1541_/CLK                              0.750000    1.560335   -0.810335 (VIOLATED)
_1542_/CLK                              0.750000    1.560335   -0.810335 (VIOLATED)
_1543_/CLK                              0.750000    1.560335   -0.810335 (VIOLATED)
_1544_/CLK                              0.750000    1.560335   -0.810335 (VIOLATED)
_1545_/CLK                              0.750000    1.560335   -0.810335 (VIOLATED)
_1546_/CLK                              0.750000    1.560335   -0.810335 (VIOLATED)
_1547_/CLK                              0.750000    1.560335   -0.810335 (VIOLATED)
_1548_/CLK                              0.750000    1.560335   -0.810335 (VIOLATED)
_1549_/CLK                              0.750000    1.560335   -0.810335 (VIOLATED)
_1550_/CLK                              0.750000    1.560335   -0.810335 (VIOLATED)
_1551_/CLK                              0.750000    1.560335   -0.810335 (VIOLATED)
_1552_/CLK                              0.750000    1.560335   -0.810335 (VIOLATED)
_1553_/CLK                              0.750000    1.560335   -0.810335 (VIOLATED)
_1554_/CLK                              0.750000    1.560335   -0.810335 (VIOLATED)
_1555_/CLK                              0.750000    1.560335   -0.810335 (VIOLATED)
_1556_/CLK                              0.750000    1.560335   -0.810335 (VIOLATED)
_1557_/CLK                              0.750000    1.560335   -0.810335 (VIOLATED)
_1558_/CLK                              0.750000    1.560335   -0.810335 (VIOLATED)
_1559_/CLK                              0.750000    1.560335   -0.810335 (VIOLATED)
_1560_/CLK                              0.750000    1.560335   -0.810335 (VIOLATED)
_1561_/CLK                              0.750000    1.560335   -0.810335 (VIOLATED)
_1562_/CLK                              0.750000    1.560335   -0.810335 (VIOLATED)
_1563_/CLK                              0.750000    1.560335   -0.810335 (VIOLATED)
_1564_/CLK                              0.750000    1.560335   -0.810335 (VIOLATED)
_1565_/CLK                              0.750000    1.560335   -0.810335 (VIOLATED)
_1566_/CLK                              0.750000    1.560335   -0.810335 (VIOLATED)
_1567_/CLK                              0.750000    1.560335   -0.810335 (VIOLATED)
_1568_/CLK                              0.750000    1.560335   -0.810335 (VIOLATED)
_1569_/CLK                              0.750000    1.560335   -0.810335 (VIOLATED)
_1570_/CLK                              0.750000    1.560335   -0.810335 (VIOLATED)
_1571_/CLK                              0.750000    1.560335   -0.810335 (VIOLATED)
_1572_/CLK                              0.750000    1.560335   -0.810335 (VIOLATED)
_1573_/CLK                              0.750000    1.560335   -0.810335 (VIOLATED)
_1574_/CLK                              0.750000    1.560335   -0.810335 (VIOLATED)
_1575_/CLK                              0.750000    1.560335   -0.810335 (VIOLATED)
_1576_/CLK                              0.750000    1.560335   -0.810335 (VIOLATED)
_1577_/CLK                              0.750000    1.560335   -0.810335 (VIOLATED)
_1578_/CLK                              0.750000    1.560335   -0.810335 (VIOLATED)
_1579_/CLK                              0.750000    1.560335   -0.810335 (VIOLATED)
_1580_/CLK                              0.750000    1.560335   -0.810335 (VIOLATED)
_1581_/CLK                              0.750000    1.560335   -0.810335 (VIOLATED)
_1582_/CLK                              0.750000    1.560335   -0.810335 (VIOLATED)
_1583_/CLK                              0.750000    1.560335   -0.810335 (VIOLATED)
_1584_/CLK                              0.750000    1.560335   -0.810335 (VIOLATED)
_1585_/CLK                              0.750000    1.560335   -0.810335 (VIOLATED)
_1586_/CLK                              0.750000    1.560335   -0.810335 (VIOLATED)
_1587_/CLK                              0.750000    1.560335   -0.810335 (VIOLATED)
_1588_/CLK                              0.750000    1.560335   -0.810335 (VIOLATED)
_1589_/CLK                              0.750000    1.560335   -0.810335 (VIOLATED)
_1590_/CLK                              0.750000    1.560335   -0.810335 (VIOLATED)
_1591_/CLK                              0.750000    1.560335   -0.810335 (VIOLATED)
_1592_/CLK                              0.750000    1.560335   -0.810335 (VIOLATED)
RST_N                                   0.750000    1.181103   -0.431103 (VIOLATED)
_0704_/A                                0.750000    1.181103   -0.431103 (VIOLATED)
_0739_/B1                               0.750000    1.181103   -0.431103 (VIOLATED)
_0740_/A                                0.750000    1.181103   -0.431103 (VIOLATED)
_0742_/A                                0.750000    1.181103   -0.431103 (VIOLATED)
_0744_/A                                0.750000    1.181103   -0.431103 (VIOLATED)
_0749_/A                                0.750000    1.181103   -0.431103 (VIOLATED)
_0751_/A                                0.750000    1.181103   -0.431103 (VIOLATED)
_0753_/A                                0.750000    1.181103   -0.431103 (VIOLATED)
_0762_/C1                               0.750000    1.181103   -0.431103 (VIOLATED)
_0771_/A                                0.750000    1.181103   -0.431103 (VIOLATED)
_0780_/A                                0.750000    1.181103   -0.431103 (VIOLATED)
_0785_/A                                0.750000    1.181103   -0.431103 (VIOLATED)
_0787_/A                                0.750000    1.181103   -0.431103 (VIOLATED)
_0789_/A                                0.750000    1.181103   -0.431103 (VIOLATED)
_0791_/A                                0.750000    1.181103   -0.431103 (VIOLATED)
_0793_/A                                0.750000    1.181103   -0.431103 (VIOLATED)
_0795_/A                                0.750000    1.181103   -0.431103 (VIOLATED)
_0797_/A                                0.750000    1.181103   -0.431103 (VIOLATED)
_0799_/A                                0.750000    1.181103   -0.431103 (VIOLATED)
_0807_/C1                               0.750000    1.181103   -0.431103 (VIOLATED)
_0835_/A                                0.750000    1.181103   -0.431103 (VIOLATED)
_0838_/A                                0.750000    1.181103   -0.431103 (VIOLATED)
_0840_/B1                               0.750000    1.181103   -0.431103 (VIOLATED)
_0841_/B                                0.750000    1.181103   -0.431103 (VIOLATED)
_0843_/A                                0.750000    1.181103   -0.431103 (VIOLATED)
_0860_/B1                               0.750000    1.181103   -0.431103 (VIOLATED)
_0870_/B1                               0.750000    1.181103   -0.431103 (VIOLATED)
_0880_/B1                               0.750000    1.181103   -0.431103 (VIOLATED)
_0891_/B1                               0.750000    1.181103   -0.431103 (VIOLATED)
_0898_/B1                               0.750000    1.181103   -0.431103 (VIOLATED)
_0901_/C1                               0.750000    1.181103   -0.431103 (VIOLATED)
_0902_/C1                               0.750000    1.181103   -0.431103 (VIOLATED)
_0905_/A                                0.750000    1.181103   -0.431103 (VIOLATED)
_0939_/A                                0.750000    1.181103   -0.431103 (VIOLATED)
_0941_/A                                0.750000    1.181103   -0.431103 (VIOLATED)
_0944_/A                                0.750000    1.181103   -0.431103 (VIOLATED)
_0952_/C1                               0.750000    1.181103   -0.431103 (VIOLATED)
_0958_/A                                0.750000    1.181103   -0.431103 (VIOLATED)
_0970_/A                                0.750000    1.181103   -0.431103 (VIOLATED)
_0974_/A                                0.750000    1.181103   -0.431103 (VIOLATED)
_0980_/A                                0.750000    1.181103   -0.431103 (VIOLATED)
_1004_/B1                               0.750000    1.181103   -0.431103 (VIOLATED)
_1009_/A                                0.750000    1.181103   -0.431103 (VIOLATED)
_1011_/A                                0.750000    1.181103   -0.431103 (VIOLATED)
_1029_/C1                               0.750000    1.181103   -0.431103 (VIOLATED)
_1030_/A                                0.750000    1.181103   -0.431103 (VIOLATED)
_1032_/A                                0.750000    1.181103   -0.431103 (VIOLATED)
_1034_/A                                0.750000    1.181103   -0.431103 (VIOLATED)
_1036_/A                                0.750000    1.181103   -0.431103 (VIOLATED)
_1038_/A                                0.750000    1.181103   -0.431103 (VIOLATED)
_1040_/A                                0.750000    1.181103   -0.431103 (VIOLATED)
_1042_/A                                0.750000    1.181103   -0.431103 (VIOLATED)
_1044_/A                                0.750000    1.181103   -0.431103 (VIOLATED)
_1046_/A                                0.750000    1.181103   -0.431103 (VIOLATED)
_1048_/A                                0.750000    1.181103   -0.431103 (VIOLATED)
_1050_/A                                0.750000    1.181103   -0.431103 (VIOLATED)
_1052_/A                                0.750000    1.181103   -0.431103 (VIOLATED)
_1066_/A                                0.750000    1.181103   -0.431103 (VIOLATED)
_1070_/C1                               0.750000    1.181103   -0.431103 (VIOLATED)
_1072_/A                                0.750000    1.181103   -0.431103 (VIOLATED)
_1074_/A                                0.750000    1.181103   -0.431103 (VIOLATED)
_1076_/B                                0.750000    1.181103   -0.431103 (VIOLATED)
_1078_/A                                0.750000    1.181103   -0.431103 (VIOLATED)
_1083_/B                                0.750000    1.181103   -0.431103 (VIOLATED)
_1088_/B                                0.750000    1.181103   -0.431103 (VIOLATED)
_1091_/B                                0.750000    1.181103   -0.431103 (VIOLATED)
_1094_/B                                0.750000    1.181103   -0.431103 (VIOLATED)
_1097_/B                                0.750000    1.181103   -0.431103 (VIOLATED)
_1100_/B                                0.750000    1.181103   -0.431103 (VIOLATED)
_1105_/B1                               0.750000    1.181103   -0.431103 (VIOLATED)
_1107_/B1                               0.750000    1.181103   -0.431103 (VIOLATED)
_1109_/B1                               0.750000    1.181103   -0.431103 (VIOLATED)
_1111_/B1                               0.750000    1.181103   -0.431103 (VIOLATED)
_1113_/B1                               0.750000    1.181103   -0.431103 (VIOLATED)
_1116_/B1                               0.750000    1.181103   -0.431103 (VIOLATED)
_1118_/B1                               0.750000    1.181103   -0.431103 (VIOLATED)
_1120_/B1                               0.750000    1.181103   -0.431103 (VIOLATED)
_1122_/B1                               0.750000    1.181103   -0.431103 (VIOLATED)
_1124_/B1                               0.750000    1.181103   -0.431103 (VIOLATED)
_1126_/B1                               0.750000    1.181103   -0.431103 (VIOLATED)
_1128_/B1                               0.750000    1.181103   -0.431103 (VIOLATED)
_1130_/B1                               0.750000    1.181103   -0.431103 (VIOLATED)
_1132_/B1                               0.750000    1.181103   -0.431103 (VIOLATED)
_1134_/B1                               0.750000    1.181103   -0.431103 (VIOLATED)
_1136_/B1                               0.750000    1.181103   -0.431103 (VIOLATED)
_1137_/A                                0.750000    1.181103   -0.431103 (VIOLATED)
_1172_/B1                               0.750000    1.181103   -0.431103 (VIOLATED)
_1173_/A                                0.750000    1.181103   -0.431103 (VIOLATED)
_1178_/A                                0.750000    1.181103   -0.431103 (VIOLATED)
_1180_/A                                0.750000    1.181103   -0.431103 (VIOLATED)
_1182_/A                                0.750000    1.181103   -0.431103 (VIOLATED)
_1191_/C1                               0.750000    1.181103   -0.431103 (VIOLATED)
_1200_/A                                0.750000    1.181103   -0.431103 (VIOLATED)
_1209_/A                                0.750000    1.181103   -0.431103 (VIOLATED)
_1214_/A                                0.750000    1.181103   -0.431103 (VIOLATED)
_1216_/A                                0.750000    1.181103   -0.431103 (VIOLATED)
_1218_/A                                0.750000    1.181103   -0.431103 (VIOLATED)
_1220_/A                                0.750000    1.181103   -0.431103 (VIOLATED)
_1222_/A                                0.750000    1.181103   -0.431103 (VIOLATED)
_1224_/A                                0.750000    1.181103   -0.431103 (VIOLATED)
_1226_/A                                0.750000    1.181103   -0.431103 (VIOLATED)
_1228_/A                                0.750000    1.181103   -0.431103 (VIOLATED)
_1231_/A                                0.750000    1.181103   -0.431103 (VIOLATED)
_1235_/A                                0.750000    1.181103   -0.431103 (VIOLATED)
_1237_/A                                0.750000    1.181103   -0.431103 (VIOLATED)
_1247_/C1                               0.750000    1.181103   -0.431103 (VIOLATED)
_1249_/C1                               0.750000    1.181103   -0.431103 (VIOLATED)
_1251_/C1                               0.750000    1.181103   -0.431103 (VIOLATED)
_1258_/A                                0.750000    1.181103   -0.431103 (VIOLATED)
_1261_/A                                0.750000    1.181103   -0.431103 (VIOLATED)
_1271_/B1                               0.750000    1.181103   -0.431103 (VIOLATED)
_1272_/A                                0.750000    1.181103   -0.431103 (VIOLATED)
_1274_/C                                0.750000    1.181103   -0.431103 (VIOLATED)
_1276_/A                                0.750000    1.181103   -0.431103 (VIOLATED)
_1278_/A                                0.750000    1.181103   -0.431103 (VIOLATED)
_1280_/A                                0.750000    1.181103   -0.431103 (VIOLATED)
_1282_/A                                0.750000    1.181103   -0.431103 (VIOLATED)
_1284_/A                                0.750000    1.181103   -0.431103 (VIOLATED)
_1286_/A                                0.750000    1.181103   -0.431103 (VIOLATED)
_1288_/A                                0.750000    1.181103   -0.431103 (VIOLATED)
_1290_/A                                0.750000    1.181103   -0.431103 (VIOLATED)
_1292_/A                                0.750000    1.181103   -0.431103 (VIOLATED)
_1327_/B1                               0.750000    1.181103   -0.431103 (VIOLATED)
_1328_/A                                0.750000    1.181103   -0.431103 (VIOLATED)
_1330_/A                                0.750000    1.181103   -0.431103 (VIOLATED)
_1332_/A                                0.750000    1.181103   -0.431103 (VIOLATED)
_1336_/A                                0.750000    1.181103   -0.431103 (VIOLATED)
_1338_/A                                0.750000    1.181103   -0.431103 (VIOLATED)
_1340_/A                                0.750000    1.181103   -0.431103 (VIOLATED)
_1349_/C1                               0.750000    1.181103   -0.431103 (VIOLATED)
_1358_/A                                0.750000    1.181103   -0.431103 (VIOLATED)
_1367_/A                                0.750000    1.181103   -0.431103 (VIOLATED)
_1372_/A                                0.750000    1.181103   -0.431103 (VIOLATED)
_1374_/A                                0.750000    1.181103   -0.431103 (VIOLATED)
_1376_/A                                0.750000    1.181103   -0.431103 (VIOLATED)
_1378_/A                                0.750000    1.181103   -0.431103 (VIOLATED)
_1380_/A                                0.750000    1.181103   -0.431103 (VIOLATED)
_1382_/A                                0.750000    1.181103   -0.431103 (VIOLATED)
_1384_/A                                0.750000    1.181103   -0.431103 (VIOLATED)
_1386_/A                                0.750000    1.181103   -0.431103 (VIOLATED)
_1390_/B1                               0.750000    1.181103   -0.431103 (VIOLATED)
_1394_/B1                               0.750000    1.181103   -0.431103 (VIOLATED)
_1399_/A                                0.750000    1.181103   -0.431103 (VIOLATED)
_1402_/A                                0.750000    1.181103   -0.431103 (VIOLATED)

max fanout

Pin                                   Limit Fanout  Slack
---------------------------------------------------------
CLK                                       6    185   -179 (VIOLATED)
RST_N                                     6    144   -138 (VIOLATED)
EN_send                                   6     17    -11 (VIOLATED)
_1480_/Q                                  6      9     -3 (VIOLATED)
_1508_/Q                                  6      9     -3 (VIOLATED)
_1475_/Q                                  6      8     -2 (VIOLATED)
_1433_/Q                                  6      7        (VIOLATED)
_1497_/Q                                  6      7        (VIOLATED)

max capacitance

Pin                                        Limit         Cap       Slack
------------------------------------------------------------------------
CLK                                     0.331431    0.347245   -0.015814 (VIOLATED)



===========================================================================
report_parasitic_annotation -report_unannotated
============================================================================
Found 919 unannotated drivers.
 CLK
 EN_send
 RST_N
 send_bias[0]
 send_bias[1]
 send_bias[2]
 send_bias[3]
 send_bias[4]
 send_bias[5]
 send_op1[0]
 send_op1[1]
 send_op1[2]
 send_op1[3]
 send_op1[4]
 send_op1[5]
 send_op1[6]
 send_op1[7]
 send_op2[0]
 send_op2[1]
 send_op2[2]
 send_op2[3]
 send_op2[4]
 send_op2[5]
 send_op2[6]
 send_op2[7]
 _0704_/X
 _0705_/X
 _0706_/X
 _0707_/Y
 _0708_/X
 _0709_/X
 _0710_/X
 _0711_/X
 _0712_/Y
 _0713_/Y
 _0714_/Y
 _0715_/X
 _0716_/Y
 _0717_/Y
 _0718_/Y
 _0719_/Y
 _0720_/X
 _0721_/Y
 _0722_/X
 _0723_/Y
 _0724_/Y
 _0725_/Y
 _0726_/Y
 _0727_/Y
 _0728_/X
 _0729_/Y
 _0730_/X
 _0731_/Y
 _0732_/X
 _0733_/Y
 _0734_/X
 _0735_/X
 _0736_/X
 _0737_/X
 _0738_/X
 _0739_/X
 _0740_/X
 _0741_/X
 _0742_/X
 _0743_/X
 _0744_/Y
 _0745_/X
 _0746_/X
 _0747_/Y
 _0748_/Y
 _0749_/X
 _0750_/X
 _0751_/X
 _0752_/X
 _0753_/X
 _0754_/X
 _0755_/Y
 _0756_/X
 _0757_/X
 _0758_/Y
 _0759_/X
 _0760_/X
 _0761_/Y
 _0762_/X
 _0763_/X
 _0764_/Y
 _0765_/Y
 _0766_/X
 _0767_/Y
 _0768_/Y
 _0769_/Y
 _0770_/X
 _0771_/X
 _0772_/X
 _0773_/X
 _0774_/X
 _0775_/Y
 _0776_/X
 _0777_/X
 _0778_/Y
 _0779_/X
 _0780_/X
 _0781_/X
 _0782_/Y
 _0783_/X
 _0784_/Y
 _0785_/X
 _0786_/X
 _0787_/X
 _0788_/X
 _0789_/X
 _0790_/X
 _0791_/X
 _0792_/X
 _0793_/X
 _0794_/X
 _0795_/X
 _0796_/X
 _0797_/X
 _0798_/X
 _0799_/X
 _0800_/X
 _0801_/X
 _0802_/X
 _0803_/X
 _0804_/Y
 _0805_/X
 _0806_/X
 _0807_/X
 _0808_/X
 _0809_/X
 _0810_/X
 _0811_/X
 _0812_/Y
 _0813_/X
 _0814_/Y
 _0815_/X
 _0816_/X
 _0817_/Y
 _0818_/Y
 _0819_/X
 _0820_/Y
 _0821_/Y
 _0822_/X
 _0823_/X
 _0824_/Y
 _0825_/X
 _0826_/X
 _0827_/X
 _0828_/X
 _0829_/X
 _0830_/X
 _0831_/X
 _0832_/X
 _0833_/X
 _0834_/X
 _0835_/X
 _0836_/X
 _0837_/X
 _0838_/X
 _0839_/X
 _0840_/X
 _0841_/X
 _0842_/X
 _0843_/X
 _0844_/X
 _0845_/Y
 _0846_/Y
 _0847_/X
 _0848_/Y
 _0849_/Y
 _0850_/Y
 _0851_/X
 _0852_/X
 _0853_/X
 _0854_/Y
 _0855_/X
 _0856_/X
 _0857_/X
 _0858_/X
 _0859_/Y
 _0860_/X
 _0861_/Y
 _0862_/X
 _0863_/X
 _0864_/X
 _0865_/X
 _0866_/Y
 _0867_/X
 _0868_/Y
 _0869_/Y
 _0870_/X
 _0871_/Y
 _0872_/Y
 _0873_/X
 _0874_/X
 _0875_/Y
 _0876_/Y
 _0877_/Y
 _0878_/Y
 _0879_/X
 _0880_/X
 _0881_/Y
 _0882_/X
 _0883_/X
 _0884_/Y
 _0885_/Y
 _0886_/X
 _0887_/X
 _0888_/X
 _0889_/Y
 _0890_/X
 _0891_/Y
 _0892_/Y
 _0893_/X
 _0894_/Y
 _0895_/Y
 _0896_/X
 _0897_/Y
 _0898_/Y
 _0899_/Y
 _0900_/X
 _0901_/X
 _0902_/X
 _0903_/Y
 _0904_/Y
 _0905_/X
 _0906_/X
 _0907_/X
 _0908_/X
 _0909_/X
 _0910_/Y
 _0911_/X
 _0912_/Y
 _0913_/Y
 _0914_/X
 _0915_/X
 _0916_/Y
 _0917_/Y
 _0918_/X
 _0919_/Y
 _0920_/Y
 _0921_/Y
 _0922_/Y
 _0923_/X
 _0924_/X
 _0925_/X
 _0926_/Y
 _0927_/X
 _0928_/X
 _0929_/X
 _0930_/X
 _0931_/Y
 _0932_/X
 _0933_/Y
 _0934_/X
 _0935_/Y
 _0936_/Y
 _0937_/Y
 _0938_/Y
 _0939_/X
 _0940_/X
 _0941_/X
 _0942_/X
 _0943_/Y
 _0944_/X
 _0945_/X
 _0946_/Y
 _0947_/X
 _0948_/Y
 _0949_/Y
 _0950_/Y
 _0951_/X
 _0952_/X
 _0953_/X
 _0954_/Y
 _0955_/Y
 _0956_/X
 _0957_/X
 _0958_/X
 _0959_/X
 _0960_/Y
 _0961_/X
 _0962_/X
 _0963_/X
 _0964_/Y
 _0965_/X
 _0966_/X
 _0967_/Y
 _0968_/X
 _0969_/X
 _0970_/X
 _0971_/X
 _0972_/X
 _0973_/Y
 _0974_/X
 _0975_/X
 _0976_/X
 _0977_/Y
 _0978_/X
 _0979_/Y
 _0980_/X
 _0981_/X
 _0982_/X
 _0983_/Y
 _0984_/Y
 _0985_/X
 _0986_/Y
 _0987_/Y
 _0988_/X
 _0989_/Y
 _0990_/Y
 _0991_/X
 _0992_/Y
 _0993_/Y
 _0994_/X
 _0995_/Y
 _0996_/Y
 _0997_/X
 _0998_/Y
 _0999_/Y
 _1000_/X
 _1001_/Y
 _1002_/X
 _1003_/X
 _1004_/Y
 _1005_/Y
 _1006_/Y
 _1007_/Y
 _1008_/X
 _1009_/X
 _1010_/X
 _1011_/X
 _1012_/X
 _1013_/Y
 _1014_/Y
 _1015_/Y
 _1016_/X
 _1017_/X
 _1018_/X
 _1019_/X
 _1020_/X
 _1021_/X
 _1022_/X
 _1023_/Y
 _1024_/X
 _1025_/X
 _1026_/X
 _1027_/Y
 _1028_/Y
 _1029_/X
 _1030_/X
 _1031_/X
 _1032_/X
 _1033_/X
 _1034_/X
 _1035_/X
 _1036_/X
 _1037_/X
 _1038_/X
 _1039_/X
 _1040_/X
 _1041_/X
 _1042_/X
 _1043_/X
 _1044_/X
 _1045_/X
 _1046_/X
 _1047_/X
 _1048_/X
 _1049_/X
 _1050_/X
 _1051_/X
 _1052_/X
 _1053_/X
 _1054_/X
 _1055_/Y
 _1056_/X
 _1057_/X
 _1058_/X
 _1059_/X
 _1060_/Y
 _1061_/X
 _1062_/X
 _1063_/X
 _1064_/X
 _1065_/Y
 _1066_/X
 _1067_/X
 _1068_/Y
 _1069_/X
 _1070_/X
 _1071_/X
 _1072_/X
 _1073_/X
 _1074_/X
 _1075_/X
 _1076_/X
 _1077_/X
 _1078_/X
 _1079_/X
 _1080_/Y
 _1081_/X
 _1082_/X
 _1083_/X
 _1084_/X
 _1085_/Y
 _1086_/X
 _1087_/X
 _1088_/X
 _1089_/X
 _1090_/X
 _1091_/X
 _1092_/X
 _1093_/X
 _1094_/X
 _1095_/X
 _1096_/X
 _1097_/X
 _1098_/X
 _1099_/X
 _1100_/X
 _1101_/X
 _1102_/X
 _1103_/X
 _1104_/X
 _1105_/X
 _1106_/X
 _1107_/X
 _1108_/X
 _1109_/X
 _1110_/X
 _1111_/X
 _1112_/X
 _1113_/X
 _1114_/X
 _1115_/X
 _1116_/X
 _1117_/X
 _1118_/X
 _1119_/X
 _1120_/X
 _1121_/X
 _1122_/X
 _1123_/X
 _1124_/X
 _1125_/X
 _1126_/X
 _1127_/X
 _1128_/X
 _1129_/X
 _1130_/X
 _1131_/X
 _1132_/X
 _1133_/X
 _1134_/X
 _1135_/X
 _1136_/X
 _1137_/X
 _1138_/X
 _1139_/X
 _1140_/Y
 _1141_/X
 _1142_/X
 _1143_/X
 _1144_/X
 _1145_/Y
 _1146_/Y
 _1147_/Y
 _1148_/X
 _1149_/Y
 _1150_/Y
 _1151_/Y
 _1152_/Y
 _1153_/X
 _1154_/Y
 _1155_/X
 _1156_/Y
 _1157_/Y
 _1158_/Y
 _1159_/Y
 _1160_/Y
 _1161_/X
 _1162_/Y
 _1163_/X
 _1164_/Y
 _1165_/X
 _1166_/Y
 _1167_/X
 _1168_/X
 _1169_/X
 _1170_/X
 _1171_/X
 _1172_/X
 _1173_/X
 _1174_/X
 _1175_/X
 _1176_/Y
 _1177_/Y
 _1178_/X
 _1179_/X
 _1180_/X
 _1181_/X
 _1182_/X
 _1183_/X
 _1184_/Y
 _1185_/X
 _1186_/X
 _1187_/Y
 _1188_/X
 _1189_/X
 _1190_/Y
 _1191_/X
 _1192_/X
 _1193_/Y
 _1194_/Y
 _1195_/X
 _1196_/Y
 _1197_/Y
 _1198_/Y
 _1199_/X
 _1200_/X
 _1201_/X
 _1202_/X
 _1203_/X
 _1204_/Y
 _1205_/X
 _1206_/X
 _1207_/Y
 _1208_/X
 _1209_/X
 _1210_/X
 _1211_/Y
 _1212_/X
 _1213_/Y
 _1214_/X
 _1215_/X
 _1216_/X
 _1217_/X
 _1218_/X
 _1219_/X
 _1220_/X
 _1221_/X
 _1222_/X
 _1223_/X
 _1224_/X
 _1225_/X
 _1226_/X
 _1227_/X
 _1228_/X
 _1229_/X
 _1230_/Y
 _1231_/X
 _1232_/X
 _1233_/Y
 _1234_/X
 _1235_/X
 _1236_/X
 _1237_/X
 _1238_/X
 _1239_/X
 _1240_/X
 _1241_/X
 _1242_/X
 _1243_/X
 _1244_/X
 _1245_/X
 _1246_/X
 _1247_/X
 _1248_/X
 _1249_/X
 _1250_/X
 _1251_/X
 _1252_/Y
 _1253_/X
 _1254_/X
 _1255_/X
 _1256_/X
 _1257_/X
 _1258_/X
 _1259_/X
 _1260_/Y
 _1261_/X
 _1262_/X
 _1263_/Y
 _1264_/Y
 _1265_/X
 _1266_/Y
 _1267_/X
 _1268_/Y
 _1269_/X
 _1270_/Y
 _1271_/X
 _1272_/X
 _1273_/X
 _1274_/X
 _1275_/X
 _1276_/X
 _1277_/X
 _1278_/X
 _1279_/X
 _1280_/X
 _1281_/X
 _1282_/X
 _1283_/X
 _1284_/X
 _1285_/X
 _1286_/X
 _1287_/X
 _1288_/X
 _1289_/X
 _1290_/X
 _1291_/X
 _1292_/X
 _1293_/X
 _1294_/X
 _1295_/Y
 _1296_/X
 _1297_/X
 _1298_/X
 _1299_/X
 _1300_/Y
 _1301_/Y
 _1302_/Y
 _1303_/X
 _1304_/Y
 _1305_/Y
 _1306_/Y
 _1307_/Y
 _1308_/X
 _1309_/Y
 _1310_/X
 _1311_/Y
 _1312_/Y
 _1313_/Y
 _1314_/Y
 _1315_/Y
 _1316_/X
 _1317_/Y
 _1318_/X
 _1319_/Y
 _1320_/X
 _1321_/Y
 _1322_/X
 _1323_/X
 _1324_/X
 _1325_/X
 _1326_/X
 _1327_/X
 _1328_/X
 _1329_/X
 _1330_/X
 _1331_/X
 _1332_/X
 _1333_/X
 _1334_/Y
 _1335_/Y
 _1336_/X
 _1337_/X
 _1338_/X
 _1339_/X
 _1340_/X
 _1341_/X
 _1342_/Y
 _1343_/X
 _1344_/X
 _1345_/Y
 _1346_/X
 _1347_/X
 _1348_/Y
 _1349_/X
 _1350_/X
 _1351_/Y
 _1352_/Y
 _1353_/X
 _1354_/Y
 _1355_/Y
 _1356_/Y
 _1357_/X
 _1358_/X
 _1359_/X
 _1360_/X
 _1361_/X
 _1362_/Y
 _1363_/X
 _1364_/X
 _1365_/Y
 _1366_/X
 _1367_/X
 _1368_/X
 _1369_/Y
 _1370_/X
 _1371_/Y
 _1372_/X
 _1373_/X
 _1374_/X
 _1375_/X
 _1376_/X
 _1377_/X
 _1378_/X
 _1379_/X
 _1380_/X
 _1381_/X
 _1382_/X
 _1383_/X
 _1384_/X
 _1385_/X
 _1386_/X
 _1387_/X
 _1388_/Y
 _1389_/X
 _1390_/X
 _1391_/Y
 _1392_/X
 _1393_/X
 _1394_/X
 _1395_/Y
 _1396_/Y
 _1397_/Y
 _1398_/Y
 _1399_/X
 _1400_/X
 _1401_/Y
 _1402_/X
 _1403_/X
 _1404_/X
 _1405_/X
 _1406_/Y
 _1407_/Y
 _1408_/Q
 _1409_/Q
 _1410_/Q
 _1411_/Q
 _1412_/Q
 _1413_/Q
 _1414_/Q
 _1415_/Q
 _1416_/Q
 _1417_/Q
 _1418_/Q
 _1419_/Q
 _1420_/Q
 _1421_/Q
 _1422_/Q
 _1423_/Q
 _1424_/Q
 _1425_/Q
 _1426_/Q
 _1427_/Q
 _1428_/Q
 _1429_/Q
 _1430_/Q
 _1431_/Q
 _1432_/Q
 _1433_/Q
 _1434_/Q
 _1435_/Q
 _1436_/Q
 _1437_/Q
 _1438_/Q
 _1439_/Q
 _1440_/Q
 _1441_/Q
 _1442_/Q
 _1443_/Q
 _1444_/Q
 _1445_/Q
 _1446_/Q
 _1447_/Q
 _1448_/Q
 _1449_/Q
 _1450_/Q
 _1451_/Q
 _1452_/Q
 _1453_/Q
 _1454_/Q
 _1455_/Q
 _1456_/Q
 _1457_/Q
 _1458_/Q
 _1459_/Q
 _1460_/Q
 _1461_/Q
 _1462_/Q
 _1463_/Q
 _1464_/Q
 _1465_/Q
 _1466_/Q
 _1467_/Q
 _1468_/Q
 _1469_/Q
 _1470_/Q
 _1471_/Q
 _1472_/Q
 _1473_/Q
 _1474_/Q
 _1475_/Q
 _1476_/Q
 _1477_/Q
 _1478_/Q
 _1479_/Q
 _1480_/Q
 _1481_/Q
 _1482_/Q
 _1483_/Q
 _1484_/Q
 _1485_/Q
 _1486_/Q
 _1487_/Q
 _1488_/Q
 _1489_/Q
 _1490_/Q
 _1491_/Q
 _1492_/Q
 _1493_/Q
 _1494_/Q
 _1495_/Q
 _1496_/Q
 _1497_/Q
 _1498_/Q
 _1499_/Q
 _1500_/Q
 _1501_/Q
 _1502_/Q
 _1503_/Q
 _1504_/Q
 _1505_/Q
 _1506_/Q
 _1507_/Q
 _1508_/Q
 _1509_/Q
 _1510_/Q
 _1511_/Q
 _1512_/Q
 _1513_/Q
 _1514_/Q
 _1515_/Q
 _1516_/Q
 _1517_/Q
 _1518_/Q
 _1519_/Q
 _1520_/Q
 _1521_/Q
 _1522_/Q
 _1523_/Q
 _1524_/Q
 _1525_/Q
 _1526_/Q
 _1527_/Q
 _1528_/Q
 _1529_/Q
 _1530_/Q
 _1531_/Q
 _1532_/Q
 _1533_/Q
 _1534_/Q
 _1535_/Q
 _1536_/Q
 _1537_/Q
 _1538_/Q
 _1539_/Q
 _1540_/Q
 _1541_/Q
 _1542_/Q
 _1543_/Q
 _1544_/Q
 _1545_/Q
 _1546_/Q
 _1547_/Q
 _1548_/Q
 _1549_/Q
 _1550_/Q
 _1551_/Q
 _1552_/Q
 _1553_/Q
 _1554_/Q
 _1555_/Q
 _1556_/Q
 _1557_/Q
 _1558_/Q
 _1559_/Q
 _1560_/Q
 _1561_/Q
 _1562_/Q
 _1563_/Q
 _1564_/Q
 _1565_/Q
 _1566_/Q
 _1567_/Q
 _1568_/Q
 _1569_/Q
 _1570_/Q
 _1571_/Q
 _1572_/Q
 _1573_/Q
 _1574_/Q
 _1575_/Q
 _1576_/Q
 _1577_/Q
 _1578_/Q
 _1579_/Q
 _1580_/Q
 _1581_/Q
 _1582_/Q
 _1583_/Q
 _1584_/Q
 _1585_/Q
 _1586_/Q
 _1587_/Q
 _1588_/Q
 _1589_/Q
 _1590_/Q
 _1591_/Q
 _1592_/Q
 _1593_/X
 _1594_/X
 _1595_/X
 _1596_/X
 _1597_/X
Found 0 partially unannotated drivers.

===========================================================================
max slew violation count 331
max fanout violation count 8
max cap violation count 1
============================================================================

===========================================================================
check_setup -verbose -unconstrained_endpoints -multiple_clock -no_clock -no_input_delay -loops -generated_clocks
===========================================================================
Warning: There are 5 unconstrained endpoints.
  RDY_res
  RDY_send
  RDY_status
  RDY_valid
  status[6]
